--------------------
./configure CROSS_PREFIX=arm-linux-androideabi-
2015年 08月 24日 星期一 12:04:33 CST
unknown option: CROSS_PREFIX=arm-linux-androideabi-
./configure --help for help
** ./configure aborting.
--------------------


--------------------
./configure
2015年 08月 24日 星期一 12:05:17 CST
Using arm-linux-androideabi-ar
Using arm-linux-androideabi-ranlib
Using arm-linux-androideabi-nm
Checking for arm-linux-androideabi-gcc...
=== ztest28638.c ===
extern int getchar();
int hello() {return getchar();}
===
arm-linux-androideabi-gcc -c ztest28638.c
... using gcc

Checking for obsessive-compulsive compiler options...
=== ztest28638.c ===
int foo() { return 0; }
===
arm-linux-androideabi-gcc -c -O3 ztest28638.c

Checking for shared library support...
=== ztest28638.c ===
extern int getchar();
int hello() {return getchar();}
===
arm-linux-androideabi-gcc -w -c -O3 -fPIC ztest28638.c
arm-linux-androideabi-gcc -shared -Wl,-soname,libz.so.1,--version-script,zlib.map -O3 -fPIC -o ztest28638.so ztest28638.o
/home/crazyhorse/AndroidDevEn/android-ndk-r9b/toolchains/arm-linux-androideabi-4.8/prebuilt/linux-x86_64/bin/../lib/gcc/arm-linux-androideabi/4.8/../../../../arm-linux-androideabi/bin/ld: error: cannot open crtbegin_so.o: 没有那个文件或目录
/home/crazyhorse/AndroidDevEn/android-ndk-r9b/toolchains/arm-linux-androideabi-4.8/prebuilt/linux-x86_64/bin/../lib/gcc/arm-linux-androideabi/4.8/../../../../arm-linux-androideabi/bin/ld: error: cannot open crtend_so.o: 没有那个文件或目录
/home/crazyhorse/AndroidDevEn/android-ndk-r9b/toolchains/arm-linux-androideabi-4.8/prebuilt/linux-x86_64/bin/../lib/gcc/arm-linux-androideabi/4.8/../../../../arm-linux-androideabi/bin/ld: error: cannot find -lc
/home/crazyhorse/AndroidDevEn/android-ndk-r9b/toolchains/arm-linux-androideabi-4.8/prebuilt/linux-x86_64/bin/../lib/gcc/arm-linux-androideabi/4.8/../../../../arm-linux-androideabi/bin/ld: error: cannot find -ldl
collect2: error: ld returned 1 exit status
(exit code 1)
No shared library support.
Building static library libz.a version 1.2.8 with arm-linux-androideabi-gcc.

=== ztest28638.c ===
#include <sys/types.h>
off64_t dummy = 0;
===
arm-linux-androideabi-gcc -c -O3 -D_LARGEFILE64_SOURCE=1 ztest28638.c
ztest28638.c:1:23: fatal error: sys/types.h: No such file or directory
 #include <sys/types.h>
                       ^
compilation terminated.
(exit code 1)
Checking for off64_t... No.

=== ztest28638.c ===
#include <stdio.h>
int main(void) {
  fseeko(NULL, 0, 0);
  return 0;
}
===
arm-linux-androideabi-gcc -O3 -o ztest28638 ztest28638.c
In file included from ztest28638.c:1:0:
/home/crazyhorse/AndroidDevEn/android-ndk-r9b/toolchains/arm-linux-androideabi-4.8/prebuilt/linux-x86_64/lib/gcc/arm-linux-androideabi/4.8/include-fixed/stdio.h:50:23: fatal error: sys/cdefs.h: No such file or directory
 #include <sys/cdefs.h>
                       ^
compilation terminated.
(exit code 1)
Checking for fseeko... No.

=== ztest28638.c ===
#include <string.h>
#include <errno.h>
int main() { return strlen(strerror(errno)); }
===
arm-linux-androideabi-gcc -O3 -DNO_FSEEKO -o ztest28638 ztest28638.c
ztest28638.c:1:20: fatal error: string.h: No such file or directory
 #include <string.h>
                    ^
compilation terminated.
(exit code 1)
Checking for strerror... No.

=== ztest28638.c ===
#include <unistd.h>
int main() { return 0; }
===
arm-linux-androideabi-gcc -c -O3 -DNO_FSEEKO -DNO_STRERROR ztest28638.c
ztest28638.c:1:20: fatal error: unistd.h: No such file or directory
 #include <unistd.h>
                    ^
compilation terminated.
(exit code 1)
Checking for unistd.h... No.

=== ztest28638.c ===
#include <stdarg.h>
int main() { return 0; }
===
arm-linux-androideabi-gcc -c -O3 -DNO_FSEEKO -DNO_STRERROR ztest28638.c
Checking for stdarg.h... Yes.

=== ztest28638.c ===
#include <stdio.h>
#include <stdarg.h>
#include "zconf.h"
int main()
{
#ifndef STDC
  choke me
#endif
  return 0;
}
===
arm-linux-androideabi-gcc -c -O3 -DNO_FSEEKO -DNO_STRERROR ztest28638.c
In file included from ztest28638.c:1:0:
/home/crazyhorse/AndroidDevEn/android-ndk-r9b/toolchains/arm-linux-androideabi-4.8/prebuilt/linux-x86_64/lib/gcc/arm-linux-androideabi/4.8/include-fixed/stdio.h:50:23: fatal error: sys/cdefs.h: No such file or directory
 #include <sys/cdefs.h>
                       ^
compilation terminated.
(exit code 1)
Checking whether to use vs[n]printf() or s[n]printf()... using s[n]printf().

=== ztest28638.c ===
#include <stdio.h>
int mytest()
{
  char buf[20];
  snprintf(buf, sizeof(buf), "%s", "foo");
  return 0;
}
int main()
{
  return (mytest());
}
===
arm-linux-androideabi-gcc -O3 -DNO_FSEEKO -DNO_STRERROR -o ztest28638 ztest28638.c
In file included from ztest28638.c:1:0:
/home/crazyhorse/AndroidDevEn/android-ndk-r9b/toolchains/arm-linux-androideabi-4.8/prebuilt/linux-x86_64/lib/gcc/arm-linux-androideabi/4.8/include-fixed/stdio.h:50:23: fatal error: sys/cdefs.h: No such file or directory
 #include <sys/cdefs.h>
                       ^
compilation terminated.
(exit code 1)
Checking for snprintf() in stdio.h... No.
  WARNING: snprintf() not found, falling back to sprintf(). zlib
  can build but will be open to possible buffer-overflow security
  vulnerabilities.

=== ztest28638.c ===
#include <stdio.h>
int mytest()
{
  char buf[20];
  return sprintf(buf, "%s", "foo");
}
int main()
{
  return (mytest());
}
===
arm-linux-androideabi-gcc -c -O3 -DNO_FSEEKO -DNO_STRERROR -DNO_snprintf ztest28638.c
In file included from ztest28638.c:1:0:
/home/crazyhorse/AndroidDevEn/android-ndk-r9b/toolchains/arm-linux-androideabi-4.8/prebuilt/linux-x86_64/lib/gcc/arm-linux-androideabi/4.8/include-fixed/stdio.h:50:23: fatal error: sys/cdefs.h: No such file or directory
 #include <sys/cdefs.h>
                       ^
compilation terminated.
(exit code 1)
Checking for return value of sprintf()... No.
  WARNING: apparently sprintf() does not return a value. zlib
  can build but will be open to possible string-format security
  vulnerabilities.

=== ztest28638.c ===
#define ZLIB_INTERNAL __attribute__((visibility ("hidden")))
int ZLIB_INTERNAL foo;
int main()
{
  return 0;
}
===
arm-linux-androideabi-gcc -c -O3 -DNO_FSEEKO -DNO_STRERROR -DNO_snprintf -DHAS_sprintf_void ztest28638.c
Checking for attribute(visibility) support... Yes.

ALL = static
AR = arm-linux-androideabi-ar
ARFLAGS = rc
CC = arm-linux-androideabi-gcc
CFLAGS = -O3 -DNO_FSEEKO -DNO_STRERROR -DNO_snprintf -DHAS_sprintf_void -DHAVE_HIDDEN
CPP = arm-linux-androideabi-gcc -E
EXE =
LDCONFIG = ldconfig
LDFLAGS =
LDSHARED = arm-linux-androideabi-gcc
LDSHAREDLIBC = -lc
OBJC = $(OBJZ) $(OBJG)
PIC_OBJC = $(PIC_OBJZ) $(PIC_OBJG)
RANLIB = arm-linux-androideabi-ranlib
SFLAGS = -O3 -fPIC -DNO_FSEEKO -DNO_STRERROR -DNO_snprintf -DHAS_sprintf_void -DHAVE_HIDDEN
SHAREDLIB =
SHAREDLIBM =
SHAREDLIBV =
STATICLIB = libz.a
TEST = all teststatic
VER = 1.2.8
Z_U4 =
exec_prefix = ${prefix}
includedir = ${prefix}/include
libdir = ${exec_prefix}/lib
mandir = ${prefix}/share/man
prefix = /usr/local
sharedlibdir = ${libdir}
uname = Linux
--------------------


