This file contains any messages produced by compilers while
running configure, to aid debugging if configure makes a mistake.

It was created by hunspell configure 1.3.3, which was
generated by GNU Autoconf 2.69.  Invocation command line was

  $ ./configure --no-create --no-recursion

## --------- ##
## Platform. ##
## --------- ##

hostname = crazyhorse-F6Ve
uname -m = x86_64
uname -r = 3.13.0-30-generic
uname -s = Linux
uname -v = #54-Ubuntu SMP Mon Jun 9 22:45:01 UTC 2014

/usr/bin/uname -p = unknown
/bin/uname -X     = unknown

/bin/arch              = unknown
/usr/bin/arch -k       = unknown
/usr/convex/getsysinfo = unknown
/usr/bin/hostinfo      = unknown
/bin/machine           = unknown
/usr/bin/oslevel       = unknown
/bin/universe          = unknown

PATH: /home/crazyhorse/bin
PATH: /usr/local/sbin
PATH: /usr/local/bin
PATH: /usr/sbin
PATH: /usr/bin
PATH: /sbin
PATH: /bin
PATH: /usr/games
PATH: /usr/local/games
PATH: /home/crazyhorse/bin
PATH: /home/crazyhorse/AndroidDevEn/android-studio/sdk/platform-tools
PATH: /home/crazyhorse/AndroidDevEn/android-ndk-r9b/toolchains/arm-linux-androideabi-4.8/prebuilt/linux-x86/bin
PATH: /home/crazyhorse/AndroidDevEn/android-ndk-r9b/
PATH: /home/crazyhorse/AndroidDevEn/jdk1.8.0_05/bin


## ----------- ##
## Core tests. ##
## ----------- ##

configure:2829: checking build system type
configure:2843: result: x86_64-unknown-linux-gnu
configure:2863: checking host system type
configure:2876: result: x86_64-unknown-linux-gnu
configure:2896: checking target system type
configure:2909: result: x86_64-unknown-linux-gnu
configure:2954: checking for a BSD-compatible install
configure:3022: result: /usr/bin/install -c
configure:3033: checking whether build environment is sane
configure:3083: result: yes
configure:3224: checking for a thread-safe mkdir -p
configure:3263: result: /bin/mkdir -p
configure:3276: checking for gawk
configure:3306: result: no
configure:3276: checking for mawk
configure:3292: found /usr/bin/mawk
configure:3303: result: mawk
configure:3314: checking whether make sets $(MAKE)
configure:3336: result: yes
configure:3484: checking for g++
configure:3500: found /usr/bin/g++
configure:3511: result: g++
configure:3538: checking for C++ compiler version
configure:3547: g++ --version >&5
g++ (Ubuntu 4.8.2-19ubuntu1) 4.8.2
Copyright (C) 2013 Free Software Foundation, Inc.
This is free software; see the source for copying conditions.  There is NO
warranty; not even for MERCHANTABILITY or FITNESS FOR A PARTICULAR PURPOSE.

configure:3558: $? = 0
configure:3547: g++ -v >&5
Using built-in specs.
COLLECT_GCC=g++
COLLECT_LTO_WRAPPER=/usr/lib/gcc/x86_64-linux-gnu/4.8/lto-wrapper
Target: x86_64-linux-gnu
Configured with: ../src/configure -v --with-pkgversion='Ubuntu 4.8.2-19ubuntu1' --with-bugurl=file:///usr/share/doc/gcc-4.8/README.Bugs --enable-languages=c,c++,java,go,d,fortran,objc,obj-c++ --prefix=/usr --program-suffix=-4.8 --enable-shared --enable-linker-build-id --libexecdir=/usr/lib --without-included-gettext --enable-threads=posix --with-gxx-include-dir=/usr/include/c++/4.8 --libdir=/usr/lib --enable-nls --with-sysroot=/ --enable-clocale=gnu --enable-libstdcxx-debug --enable-libstdcxx-time=yes --enable-gnu-unique-object --disable-libmudflap --enable-plugin --with-system-zlib --disable-browser-plugin --enable-java-awt=gtk --enable-gtk-cairo --with-java-home=/usr/lib/jvm/java-1.5.0-gcj-4.8-amd64/jre --enable-java-home --with-jvm-root-dir=/usr/lib/jvm/java-1.5.0-gcj-4.8-amd64 --with-jvm-jar-dir=/usr/lib/jvm-exports/java-1.5.0-gcj-4.8-amd64 --with-arch-directory=amd64 --with-ecj-jar=/usr/share/java/eclipse-ecj.jar --enable-objc-gc --enable-multiarch --disable-werror --with-arch-32=i686 --with-abi=m64 --with-multilib-list=m32,m64,mx32 --with-tune=generic --enable-checking=release --build=x86_64-linux-gnu --host=x86_64-linux-gnu --target=x86_64-linux-gnu
Thread model: posix
gcc version 4.8.2 (Ubuntu 4.8.2-19ubuntu1) 
configure:3558: $? = 0
configure:3547: g++ -V >&5
g++: error: unrecognized command line option '-V'
g++: fatal error: no input files
compilation terminated.
configure:3558: $? = 4
configure:3547: g++ -qversion >&5
g++: error: unrecognized command line option '-qversion'
g++: fatal error: no input files
compilation terminated.
configure:3558: $? = 4
configure:3578: checking whether the C++ compiler works
configure:3600: g++    conftest.cpp  >&5
configure:3604: $? = 0
configure:3652: result: yes
configure:3655: checking for C++ compiler default output file name
configure:3657: result: a.out
configure:3663: checking for suffix of executables
configure:3670: g++ -o conftest    conftest.cpp  >&5
configure:3674: $? = 0
configure:3696: result: 
configure:3718: checking whether we are cross compiling
configure:3726: g++ -o conftest    conftest.cpp  >&5
configure:3730: $? = 0
configure:3737: ./conftest
configure:3741: $? = 0
configure:3756: result: no
configure:3761: checking for suffix of object files
configure:3783: g++ -c   conftest.cpp >&5
configure:3787: $? = 0
configure:3808: result: o
configure:3812: checking whether we are using the GNU C++ compiler
configure:3831: g++ -c   conftest.cpp >&5
configure:3831: $? = 0
configure:3840: result: yes
configure:3849: checking whether g++ accepts -g
configure:3869: g++ -c -g  conftest.cpp >&5
configure:3869: $? = 0
configure:3910: result: yes
configure:3944: checking for style of include used by make
configure:3972: result: GNU
configure:3998: checking dependency style of g++
configure:4109: result: gcc3
configure:4172: checking for gcc
configure:4188: found /usr/bin/gcc
configure:4199: result: gcc
configure:4428: checking for C compiler version
configure:4437: gcc --version >&5
gcc (Ubuntu 4.8.2-19ubuntu1) 4.8.2
Copyright (C) 2013 Free Software Foundation, Inc.
This is free software; see the source for copying conditions.  There is NO
warranty; not even for MERCHANTABILITY or FITNESS FOR A PARTICULAR PURPOSE.

configure:4448: $? = 0
configure:4437: gcc -v >&5
Using built-in specs.
COLLECT_GCC=gcc
COLLECT_LTO_WRAPPER=/usr/lib/gcc/x86_64-linux-gnu/4.8/lto-wrapper
Target: x86_64-linux-gnu
Configured with: ../src/configure -v --with-pkgversion='Ubuntu 4.8.2-19ubuntu1' --with-bugurl=file:///usr/share/doc/gcc-4.8/README.Bugs --enable-languages=c,c++,java,go,d,fortran,objc,obj-c++ --prefix=/usr --program-suffix=-4.8 --enable-shared --enable-linker-build-id --libexecdir=/usr/lib --without-included-gettext --enable-threads=posix --with-gxx-include-dir=/usr/include/c++/4.8 --libdir=/usr/lib --enable-nls --with-sysroot=/ --enable-clocale=gnu --enable-libstdcxx-debug --enable-libstdcxx-time=yes --enable-gnu-unique-object --disable-libmudflap --enable-plugin --with-system-zlib --disable-browser-plugin --enable-java-awt=gtk --enable-gtk-cairo --with-java-home=/usr/lib/jvm/java-1.5.0-gcj-4.8-amd64/jre --enable-java-home --with-jvm-root-dir=/usr/lib/jvm/java-1.5.0-gcj-4.8-amd64 --with-jvm-jar-dir=/usr/lib/jvm-exports/java-1.5.0-gcj-4.8-amd64 --with-arch-directory=amd64 --with-ecj-jar=/usr/share/java/eclipse-ecj.jar --enable-objc-gc --enable-multiarch --disable-werror --with-arch-32=i686 --with-abi=m64 --with-multilib-list=m32,m64,mx32 --with-tune=generic --enable-checking=release --build=x86_64-linux-gnu --host=x86_64-linux-gnu --target=x86_64-linux-gnu
Thread model: posix
gcc version 4.8.2 (Ubuntu 4.8.2-19ubuntu1) 
configure:4448: $? = 0
configure:4437: gcc -V >&5
gcc: error: unrecognized command line option '-V'
gcc: fatal error: no input files
compilation terminated.
configure:4448: $? = 4
configure:4437: gcc -qversion >&5
gcc: error: unrecognized command line option '-qversion'
gcc: fatal error: no input files
compilation terminated.
configure:4448: $? = 4
configure:4452: checking whether we are using the GNU C compiler
configure:4471: gcc -c   conftest.c >&5
configure:4471: $? = 0
configure:4480: result: yes
configure:4489: checking whether gcc accepts -g
configure:4509: gcc -c -g  conftest.c >&5
configure:4509: $? = 0
configure:4550: result: yes
configure:4567: checking for gcc option to accept ISO C89
configure:4630: gcc  -c -g -O2  conftest.c >&5
configure:4630: $? = 0
configure:4643: result: none needed
configure:4665: checking dependency style of gcc
configure:4776: result: gcc3
configure:4816: checking for a sed that does not truncate output
configure:4880: result: /bin/sed
configure:4898: checking for grep that handles long lines and -e
configure:4956: result: /bin/grep
configure:4961: checking for egrep
configure:5023: result: /bin/grep -E
configure:5028: checking for fgrep
configure:5090: result: /bin/grep -F
configure:5125: checking for ld used by gcc
configure:5192: result: /usr/bin/ld
configure:5199: checking if the linker (/usr/bin/ld) is GNU ld
configure:5214: result: yes
configure:5226: checking for BSD- or MS-compatible name lister (nm)
configure:5275: result: /usr/bin/nm -B
configure:5393: checking the name lister (/usr/bin/nm -B) interface
configure:5400: gcc -c -g -O2  conftest.c >&5
configure:5403: /usr/bin/nm -B "conftest.o"
configure:5406: output
0000000000000000 B some_variable
configure:5413: result: BSD nm
configure:5416: checking whether ln -s works
configure:5420: result: yes
configure:5428: checking the maximum length of command line arguments
configure:5548: result: 3458764513820540925
configure:5565: checking whether the shell understands some XSI constructs
configure:5575: result: yes
configure:5579: checking whether the shell understands "+="
configure:5585: result: yes
configure:5620: checking for /usr/bin/ld option to reload object files
configure:5627: result: -r
configure:5696: checking for objdump
configure:5712: found /usr/bin/objdump
configure:5723: result: objdump
configure:5755: checking how to recognize dependent libraries
configure:5951: result: pass_all
configure:6011: checking for ar
configure:6027: found /usr/bin/ar
configure:6038: result: ar
configure:6116: checking for strip
configure:6132: found /usr/bin/strip
configure:6143: result: strip
configure:6215: checking for ranlib
configure:6231: found /usr/bin/ranlib
configure:6242: result: ranlib
configure:6332: checking command to parse /usr/bin/nm -B output from gcc object
configure:6450: gcc -c -g -O2  conftest.c >&5
configure:6453: $? = 0
configure:6457: /usr/bin/nm -B conftest.o \| sed -n -e 's/^.*[	 ]\([ABCDGIRSTW][ABCDGIRSTW]*\)[	 ][	 ]*\([_A-Za-z][_A-Za-z0-9]*\)$/\1 \2 \2/p' \> conftest.nm
configure:6460: $? = 0
configure:6514: gcc -o conftest -g -O2   conftest.c conftstm.o >&5
configure:6517: $? = 0
configure:6555: result: ok
configure:6651: gcc -c -g -O2  conftest.c >&5
configure:6654: $? = 0
configure:7364: checking how to run the C preprocessor
configure:7395: gcc -E  conftest.c
configure:7395: $? = 0
configure:7409: gcc -E  conftest.c
conftest.c:11:28: fatal error: ac_nonexistent.h: No such file or directory
 #include <ac_nonexistent.h>
                            ^
compilation terminated.
configure:7409: $? = 1
configure: failed program was:
| /* confdefs.h */
| #define PACKAGE_NAME "hunspell"
| #define PACKAGE_TARNAME "hunspell"
| #define PACKAGE_VERSION "1.3.3"
| #define PACKAGE_STRING "hunspell 1.3.3"
| #define PACKAGE_BUGREPORT "nemeth@numbertext.org"
| #define PACKAGE_URL ""
| #define PACKAGE "hunspell"
| #define VERSION "1.3.3"
| /* end confdefs.h.  */
| #include <ac_nonexistent.h>
configure:7434: result: gcc -E
configure:7454: gcc -E  conftest.c
configure:7454: $? = 0
configure:7468: gcc -E  conftest.c
conftest.c:11:28: fatal error: ac_nonexistent.h: No such file or directory
 #include <ac_nonexistent.h>
                            ^
compilation terminated.
configure:7468: $? = 1
configure: failed program was:
| /* confdefs.h */
| #define PACKAGE_NAME "hunspell"
| #define PACKAGE_TARNAME "hunspell"
| #define PACKAGE_VERSION "1.3.3"
| #define PACKAGE_STRING "hunspell 1.3.3"
| #define PACKAGE_BUGREPORT "nemeth@numbertext.org"
| #define PACKAGE_URL ""
| #define PACKAGE "hunspell"
| #define VERSION "1.3.3"
| /* end confdefs.h.  */
| #include <ac_nonexistent.h>
configure:7497: checking for ANSI C header files
configure:7517: gcc -c -g -O2  conftest.c >&5
configure:7517: $? = 0
configure:7590: gcc -o conftest -g -O2   conftest.c  >&5
configure:7590: $? = 0
configure:7590: ./conftest
configure:7590: $? = 0
configure:7601: result: yes
configure:7614: checking for sys/types.h
configure:7614: gcc -c -g -O2  conftest.c >&5
configure:7614: $? = 0
configure:7614: result: yes
configure:7614: checking for sys/stat.h
configure:7614: gcc -c -g -O2  conftest.c >&5
configure:7614: $? = 0
configure:7614: result: yes
configure:7614: checking for stdlib.h
configure:7614: gcc -c -g -O2  conftest.c >&5
configure:7614: $? = 0
configure:7614: result: yes
configure:7614: checking for string.h
configure:7614: gcc -c -g -O2  conftest.c >&5
configure:7614: $? = 0
configure:7614: result: yes
configure:7614: checking for memory.h
configure:7614: gcc -c -g -O2  conftest.c >&5
configure:7614: $? = 0
configure:7614: result: yes
configure:7614: checking for strings.h
configure:7614: gcc -c -g -O2  conftest.c >&5
configure:7614: $? = 0
configure:7614: result: yes
configure:7614: checking for inttypes.h
configure:7614: gcc -c -g -O2  conftest.c >&5
configure:7614: $? = 0
configure:7614: result: yes
configure:7614: checking for stdint.h
configure:7614: gcc -c -g -O2  conftest.c >&5
configure:7614: $? = 0
configure:7614: result: yes
configure:7614: checking for unistd.h
configure:7614: gcc -c -g -O2  conftest.c >&5
configure:7614: $? = 0
configure:7614: result: yes
configure:7628: checking for dlfcn.h
configure:7628: gcc -c -g -O2  conftest.c >&5
configure:7628: $? = 0
configure:7628: result: yes
configure:7753: checking for C++ compiler version
configure:7762: g++ --version >&5
g++ (Ubuntu 4.8.2-19ubuntu1) 4.8.2
Copyright (C) 2013 Free Software Foundation, Inc.
This is free software; see the source for copying conditions.  There is NO
warranty; not even for MERCHANTABILITY or FITNESS FOR A PARTICULAR PURPOSE.

configure:7773: $? = 0
configure:7762: g++ -v >&5
Using built-in specs.
COLLECT_GCC=g++
COLLECT_LTO_WRAPPER=/usr/lib/gcc/x86_64-linux-gnu/4.8/lto-wrapper
Target: x86_64-linux-gnu
Configured with: ../src/configure -v --with-pkgversion='Ubuntu 4.8.2-19ubuntu1' --with-bugurl=file:///usr/share/doc/gcc-4.8/README.Bugs --enable-languages=c,c++,java,go,d,fortran,objc,obj-c++ --prefix=/usr --program-suffix=-4.8 --enable-shared --enable-linker-build-id --libexecdir=/usr/lib --without-included-gettext --enable-threads=posix --with-gxx-include-dir=/usr/include/c++/4.8 --libdir=/usr/lib --enable-nls --with-sysroot=/ --enable-clocale=gnu --enable-libstdcxx-debug --enable-libstdcxx-time=yes --enable-gnu-unique-object --disable-libmudflap --enable-plugin --with-system-zlib --disable-browser-plugin --enable-java-awt=gtk --enable-gtk-cairo --with-java-home=/usr/lib/jvm/java-1.5.0-gcj-4.8-amd64/jre --enable-java-home --with-jvm-root-dir=/usr/lib/jvm/java-1.5.0-gcj-4.8-amd64 --with-jvm-jar-dir=/usr/lib/jvm-exports/java-1.5.0-gcj-4.8-amd64 --with-arch-directory=amd64 --with-ecj-jar=/usr/share/java/eclipse-ecj.jar --enable-objc-gc --enable-multiarch --disable-werror --with-arch-32=i686 --with-abi=m64 --with-multilib-list=m32,m64,mx32 --with-tune=generic --enable-checking=release --build=x86_64-linux-gnu --host=x86_64-linux-gnu --target=x86_64-linux-gnu
Thread model: posix
gcc version 4.8.2 (Ubuntu 4.8.2-19ubuntu1) 
configure:7773: $? = 0
configure:7762: g++ -V >&5
g++: error: unrecognized command line option '-V'
g++: fatal error: no input files
compilation terminated.
configure:7773: $? = 4
configure:7762: g++ -qversion >&5
g++: error: unrecognized command line option '-qversion'
g++: fatal error: no input files
compilation terminated.
configure:7773: $? = 4
configure:7777: checking whether we are using the GNU C++ compiler
configure:7805: result: yes
configure:7814: checking whether g++ accepts -g
configure:7875: result: yes
configure:7900: checking dependency style of g++
configure:8011: result: gcc3
configure:8034: checking how to run the C++ preprocessor
configure:8061: g++ -E  conftest.cpp
configure:8061: $? = 0
configure:8075: g++ -E  conftest.cpp
conftest.cpp:22:28: fatal error: ac_nonexistent.h: No such file or directory
 #include <ac_nonexistent.h>
                            ^
compilation terminated.
configure:8075: $? = 1
configure: failed program was:
| /* confdefs.h */
| #define PACKAGE_NAME "hunspell"
| #define PACKAGE_TARNAME "hunspell"
| #define PACKAGE_VERSION "1.3.3"
| #define PACKAGE_STRING "hunspell 1.3.3"
| #define PACKAGE_BUGREPORT "nemeth@numbertext.org"
| #define PACKAGE_URL ""
| #define PACKAGE "hunspell"
| #define VERSION "1.3.3"
| #define STDC_HEADERS 1
| #define HAVE_SYS_TYPES_H 1
| #define HAVE_SYS_STAT_H 1
| #define HAVE_STDLIB_H 1
| #define HAVE_STRING_H 1
| #define HAVE_MEMORY_H 1
| #define HAVE_STRINGS_H 1
| #define HAVE_INTTYPES_H 1
| #define HAVE_STDINT_H 1
| #define HAVE_UNISTD_H 1
| #define HAVE_DLFCN_H 1
| /* end confdefs.h.  */
| #include <ac_nonexistent.h>
configure:8100: result: g++ -E
configure:8120: g++ -E  conftest.cpp
configure:8120: $? = 0
configure:8134: g++ -E  conftest.cpp
conftest.cpp:22:28: fatal error: ac_nonexistent.h: No such file or directory
 #include <ac_nonexistent.h>
                            ^
compilation terminated.
configure:8134: $? = 1
configure: failed program was:
| /* confdefs.h */
| #define PACKAGE_NAME "hunspell"
| #define PACKAGE_TARNAME "hunspell"
| #define PACKAGE_VERSION "1.3.3"
| #define PACKAGE_STRING "hunspell 1.3.3"
| #define PACKAGE_BUGREPORT "nemeth@numbertext.org"
| #define PACKAGE_URL ""
| #define PACKAGE "hunspell"
| #define VERSION "1.3.3"
| #define STDC_HEADERS 1
| #define HAVE_SYS_TYPES_H 1
| #define HAVE_SYS_STAT_H 1
| #define HAVE_STDLIB_H 1
| #define HAVE_STRING_H 1
| #define HAVE_MEMORY_H 1
| #define HAVE_STRINGS_H 1
| #define HAVE_INTTYPES_H 1
| #define HAVE_STDINT_H 1
| #define HAVE_UNISTD_H 1
| #define HAVE_DLFCN_H 1
| /* end confdefs.h.  */
| #include <ac_nonexistent.h>
configure:8340: checking for objdir
configure:8355: result: .libs
configure:8651: checking if gcc supports -fno-rtti -fno-exceptions
configure:8669: gcc -c -g -O2  -fno-rtti -fno-exceptions conftest.c >&5
cc1: warning: command line option '-fno-rtti' is valid for C++/ObjC++ but not for C [enabled by default]
configure:8673: $? = 0
configure:8686: result: no
configure:8706: checking for gcc option to produce PIC
configure:8978: result: -fPIC -DPIC
configure:8990: checking if gcc PIC flag -fPIC -DPIC works
configure:9008: gcc -c -g -O2  -fPIC -DPIC -DPIC conftest.c >&5
configure:9012: $? = 0
configure:9025: result: yes
configure:9049: checking if gcc static flag -static works
configure:9077: result: yes
configure:9092: checking if gcc supports -c -o file.o
configure:9113: gcc -c -g -O2  -o out/conftest2.o conftest.c >&5
configure:9117: $? = 0
configure:9139: result: yes
configure:9147: checking if gcc supports -c -o file.o
configure:9194: result: yes
configure:9227: checking whether the gcc linker (/usr/bin/ld -m elf_x86_64) supports shared libraries
configure:10213: result: yes
configure:10250: checking whether -lc should be explicitly linked in
configure:10255: gcc -c -g -O2  conftest.c >&5
configure:10258: $? = 0
configure:10273: gcc -shared conftest.o  -v -Wl,-soname -Wl,conftest -o conftest 2\>\&1 \| /bin/grep  -lc  \>/dev/null 2\>\&1
configure:10276: $? = 0
configure:10288: result: no
configure:10452: checking dynamic linker characteristics
configure:10885: gcc -o conftest -g -O2   -Wl,-rpath -Wl,/foo conftest.c  >&5
configure:10885: $? = 0
configure:11106: result: GNU/Linux ld.so
configure:11208: checking how to hardcode library paths into programs
configure:11233: result: immediate
configure:11753: checking whether stripping libraries is possible
configure:11758: result: yes
configure:11793: checking if libtool supports shared libraries
configure:11795: result: yes
configure:11798: checking whether to build shared libraries
configure:11819: result: yes
configure:11822: checking whether to build static libraries
configure:11826: result: yes
configure:11976: checking for ld used by g++
configure:12043: result: /usr/bin/ld -m elf_x86_64
configure:12050: checking if the linker (/usr/bin/ld -m elf_x86_64) is GNU ld
configure:12065: result: yes
configure:12120: checking whether the g++ linker (/usr/bin/ld -m elf_x86_64) supports shared libraries
configure:13033: result: yes
configure:13061: g++ -c -g -O2  conftest.cpp >&5
configure:13064: $? = 0
configure:13246: checking for g++ option to produce PIC
configure:13563: result: -fPIC -DPIC
configure:13572: checking if g++ PIC flag -fPIC -DPIC works
configure:13590: g++ -c -g -O2  -fPIC -DPIC -DPIC conftest.cpp >&5
configure:13594: $? = 0
configure:13607: result: yes
configure:13628: checking if g++ static flag -static works
configure:13656: result: yes
configure:13668: checking if g++ supports -c -o file.o
configure:13689: g++ -c -g -O2  -o out/conftest2.o conftest.cpp >&5
configure:13693: $? = 0
configure:13715: result: yes
configure:13720: checking if g++ supports -c -o file.o
configure:13767: result: yes
configure:13797: checking whether the g++ linker (/usr/bin/ld -m elf_x86_64) supports shared libraries
configure:13823: result: yes
configure:13960: checking dynamic linker characteristics
configure:14341: g++ -o conftest -g -O2   -Wl,-rpath -Wl,/foo conftest.cpp  >&5
configure:14341: $? = 0
configure:14562: result: GNU/Linux ld.so
configure:14613: checking how to hardcode library paths into programs
configure:14638: result: immediate
configure:15004: checking fcntl.h usability
configure:15004: gcc -c -g -O2  conftest.c >&5
configure:15004: $? = 0
configure:15004: result: yes
configure:15004: checking fcntl.h presence
configure:15004: gcc -E  conftest.c
configure:15004: $? = 0
configure:15004: result: yes
configure:15004: checking for fcntl.h
configure:15004: result: yes
configure:15004: checking libintl.h usability
configure:15004: gcc -c -g -O2  conftest.c >&5
configure:15004: $? = 0
configure:15004: result: yes
configure:15004: checking libintl.h presence
configure:15004: gcc -E  conftest.c
configure:15004: $? = 0
configure:15004: result: yes
configure:15004: checking for libintl.h
configure:15004: result: yes
configure:15004: checking locale.h usability
configure:15004: gcc -c -g -O2  conftest.c >&5
configure:15004: $? = 0
configure:15004: result: yes
configure:15004: checking locale.h presence
configure:15004: gcc -E  conftest.c
configure:15004: $? = 0
configure:15004: result: yes
configure:15004: checking for locale.h
configure:15004: result: yes
configure:15004: checking for unistd.h
configure:15004: result: yes
configure:15004: checking error.h usability
configure:15004: gcc -c -g -O2  conftest.c >&5
configure:15004: $? = 0
configure:15004: result: yes
configure:15004: checking error.h presence
configure:15004: gcc -E  conftest.c
configure:15004: $? = 0
configure:15004: result: yes
configure:15004: checking for error.h
configure:15004: result: yes
configure:15016: checking for an ANSI C-conforming const
configure:15082: gcc -c -g -O2  conftest.c >&5
configure:15082: $? = 0
configure:15089: result: yes
configure:15097: checking for inline
configure:15113: gcc -c -g -O2  conftest.c >&5
configure:15113: $? = 0
configure:15121: result: inline
configure:15141: checking for error_at_line
configure:15157: gcc -o conftest -g -O2   conftest.c  >&5
configure:15157: $? = 0
configure:15165: result: yes
configure:15176: checking for ANSI C header files
configure:15280: result: yes
configure:15291: checking for memchr
configure:15291: gcc -o conftest -g -O2   conftest.c  >&5
conftest.c:52:6: warning: conflicting types for built-in function 'memchr' [enabled by default]
 char memchr ();
      ^
configure:15291: $? = 0
configure:15291: result: yes
configure:15291: checking for setlocale
configure:15291: gcc -o conftest -g -O2   conftest.c  >&5
configure:15291: $? = 0
configure:15291: result: yes
configure:15291: checking for strchr
configure:15291: gcc -o conftest -g -O2   conftest.c  >&5
conftest.c:54:6: warning: conflicting types for built-in function 'strchr' [enabled by default]
 char strchr ();
      ^
configure:15291: $? = 0
configure:15291: result: yes
configure:15291: checking for strstr
configure:15291: gcc -o conftest -g -O2   conftest.c  >&5
conftest.c:55:6: warning: conflicting types for built-in function 'strstr' [enabled by default]
 char strstr ();
      ^
configure:15291: $? = 0
configure:15291: result: yes
configure:15302: checking whether NLS is requested
configure:15311: result: yes
configure:15352: checking for msgfmt
configure: trying /usr/bin/msgfmt...
0 translated messages.
configure:15384: result: /usr/bin/msgfmt
configure:15393: checking for gmsgfmt
configure:15424: result: /usr/bin/msgfmt
configure:15475: checking for xgettext
configure: trying /usr/bin/xgettext...
/usr/bin/xgettext: warning: file '/dev/null' extension '' is unknown; will try C
configure:15507: result: /usr/bin/xgettext
configure:15553: checking for msgmerge
configure: trying /usr/bin/msgmerge...
configure:15584: result: /usr/bin/msgmerge
configure:15602: checking whether we are using the GNU C Library 2 or newer
configure:15629: result: yes
configure:15678: checking for ranlib
configure:15705: result: ranlib
configure:15732: checking for simple visibility declarations
configure:15754: gcc -c -g -O2 -fvisibility=hidden  conftest.c >&5
configure:15754: $? = 0
configure:15763: result: yes
configure:15778: checking for size_t
configure:15778: gcc -c -g -O2  conftest.c >&5
configure:15778: $? = 0
configure:15778: gcc -c -g -O2  conftest.c >&5
conftest.c: In function 'main':
conftest.c:70:21: error: expected expression before ')' token
 if (sizeof ((size_t)))
                     ^
configure:15778: $? = 1
configure: failed program was:
| /* confdefs.h */
| #define PACKAGE_NAME "hunspell"
| #define PACKAGE_TARNAME "hunspell"
| #define PACKAGE_VERSION "1.3.3"
| #define PACKAGE_STRING "hunspell 1.3.3"
| #define PACKAGE_BUGREPORT "nemeth@numbertext.org"
| #define PACKAGE_URL ""
| #define PACKAGE "hunspell"
| #define VERSION "1.3.3"
| #define STDC_HEADERS 1
| #define HAVE_SYS_TYPES_H 1
| #define HAVE_SYS_STAT_H 1
| #define HAVE_STDLIB_H 1
| #define HAVE_STRING_H 1
| #define HAVE_MEMORY_H 1
| #define HAVE_STRINGS_H 1
| #define HAVE_INTTYPES_H 1
| #define HAVE_STDINT_H 1
| #define HAVE_UNISTD_H 1
| #define HAVE_DLFCN_H 1
| #define LT_OBJDIR ".libs/"
| #define HAVE_FCNTL_H 1
| #define HAVE_LIBINTL_H 1
| #define HAVE_LOCALE_H 1
| #define HAVE_UNISTD_H 1
| #define HAVE_ERROR_H 1
| #define STDC_HEADERS 1
| #define HAVE_MEMCHR 1
| #define HAVE_SETLOCALE 1
| #define HAVE_STRCHR 1
| #define HAVE_STRSTR 1
| #define HAVE_VISIBILITY 1
| /* end confdefs.h.  */
| #include <stdio.h>
| #ifdef HAVE_SYS_TYPES_H
| # include <sys/types.h>
| #endif
| #ifdef HAVE_SYS_STAT_H
| # include <sys/stat.h>
| #endif
| #ifdef STDC_HEADERS
| # include <stdlib.h>
| # include <stddef.h>
| #else
| # ifdef HAVE_STDLIB_H
| #  include <stdlib.h>
| # endif
| #endif
| #ifdef HAVE_STRING_H
| # if !defined STDC_HEADERS && defined HAVE_MEMORY_H
| #  include <memory.h>
| # endif
| # include <string.h>
| #endif
| #ifdef HAVE_STRINGS_H
| # include <strings.h>
| #endif
| #ifdef HAVE_INTTYPES_H
| # include <inttypes.h>
| #endif
| #ifdef HAVE_STDINT_H
| # include <stdint.h>
| #endif
| #ifdef HAVE_UNISTD_H
| # include <unistd.h>
| #endif
| int
| main ()
| {
| if (sizeof ((size_t)))
| 	    return 0;
|   ;
|   return 0;
| }
configure:15778: result: yes
configure:15790: checking for stdint.h
configure:15807: gcc -c -g -O2  conftest.c >&5
configure:15807: $? = 0
configure:15814: result: yes
configure:15826: checking for working alloca.h
configure:15843: gcc -o conftest -g -O2   conftest.c  >&5
configure:15843: $? = 0
configure:15851: result: yes
configure:15859: checking for alloca
configure:15896: gcc -o conftest -g -O2   conftest.c  >&5
configure:15896: $? = 0
configure:15904: result: yes
configure:16016: checking for stdlib.h
configure:16016: result: yes
configure:16016: checking for unistd.h
configure:16016: result: yes
configure:16016: checking for sys/param.h
configure:16016: gcc -c -g -O2  conftest.c >&5
configure:16016: $? = 0
configure:16016: result: yes
configure:16036: checking for getpagesize
configure:16036: gcc -o conftest -g -O2   conftest.c  >&5
configure:16036: $? = 0
configure:16036: result: yes
configure:16045: checking for working mmap
configure:16192: gcc -o conftest -g -O2   conftest.c  >&5
configure:16192: $? = 0
configure:16192: ./conftest
configure:16192: $? = 0
configure:16202: result: yes
configure:16213: checking whether integer division by zero raises SIGFPE
configure:16279: gcc -o conftest -g -O2   conftest.c  >&5
conftest.c:56:5: warning: built-in function 'nan' declared as non-function [enabled by default]
 int nan;
     ^
configure:16279: $? = 0
configure:16279: ./conftest
configure:16279: $? = 0
configure:16291: result: yes
configure:16304: checking for inttypes.h
configure:16321: gcc -c -g -O2  conftest.c >&5
configure:16321: $? = 0
configure:16328: result: yes
configure:16339: checking for unsigned long long int
configure:16379: gcc -o conftest -g -O2   conftest.c  >&5
configure:16379: $? = 0
configure:16387: result: yes
configure:16417: checking for inttypes.h
configure:16417: result: yes
configure:16428: checking whether the inttypes.h PRIxNN macros are broken
configure:16449: gcc -c -g -O2  conftest.c >&5
configure:16449: $? = 0
configure:16457: result: no
configure:16473: checking minix/config.h usability
configure:16473: gcc -c -g -O2  conftest.c >&5
conftest.c:80:26: fatal error: minix/config.h: No such file or directory
 #include <minix/config.h>
                          ^
compilation terminated.
configure:16473: $? = 1
configure: failed program was:
| /* confdefs.h */
| #define PACKAGE_NAME "hunspell"
| #define PACKAGE_TARNAME "hunspell"
| #define PACKAGE_VERSION "1.3.3"
| #define PACKAGE_STRING "hunspell 1.3.3"
| #define PACKAGE_BUGREPORT "nemeth@numbertext.org"
| #define PACKAGE_URL ""
| #define PACKAGE "hunspell"
| #define VERSION "1.3.3"
| #define STDC_HEADERS 1
| #define HAVE_SYS_TYPES_H 1
| #define HAVE_SYS_STAT_H 1
| #define HAVE_STDLIB_H 1
| #define HAVE_STRING_H 1
| #define HAVE_MEMORY_H 1
| #define HAVE_STRINGS_H 1
| #define HAVE_INTTYPES_H 1
| #define HAVE_STDINT_H 1
| #define HAVE_UNISTD_H 1
| #define HAVE_DLFCN_H 1
| #define LT_OBJDIR ".libs/"
| #define HAVE_FCNTL_H 1
| #define HAVE_LIBINTL_H 1
| #define HAVE_LOCALE_H 1
| #define HAVE_UNISTD_H 1
| #define HAVE_ERROR_H 1
| #define STDC_HEADERS 1
| #define HAVE_MEMCHR 1
| #define HAVE_SETLOCALE 1
| #define HAVE_STRCHR 1
| #define HAVE_STRSTR 1
| #define HAVE_VISIBILITY 1
| #define HAVE_STDINT_H_WITH_UINTMAX 1
| #define HAVE_ALLOCA_H 1
| #define HAVE_ALLOCA 1
| #define HAVE_STDLIB_H 1
| #define HAVE_UNISTD_H 1
| #define HAVE_SYS_PARAM_H 1
| #define HAVE_GETPAGESIZE 1
| #define HAVE_MMAP 1
| #define INTDIV0_RAISES_SIGFPE 1
| #define HAVE_INTTYPES_H_WITH_UINTMAX 1
| #define HAVE_UNSIGNED_LONG_LONG_INT 1
| #define HAVE_UINTMAX_T 1
| #define HAVE_INTTYPES_H 1
| /* end confdefs.h.  */
| #include <stdio.h>
| #ifdef HAVE_SYS_TYPES_H
| # include <sys/types.h>
| #endif
| #ifdef HAVE_SYS_STAT_H
| # include <sys/stat.h>
| #endif
| #ifdef STDC_HEADERS
| # include <stdlib.h>
| # include <stddef.h>
| #else
| # ifdef HAVE_STDLIB_H
| #  include <stdlib.h>
| # endif
| #endif
| #ifdef HAVE_STRING_H
| # if !defined STDC_HEADERS && defined HAVE_MEMORY_H
| #  include <memory.h>
| # endif
| # include <string.h>
| #endif
| #ifdef HAVE_STRINGS_H
| # include <strings.h>
| #endif
| #ifdef HAVE_INTTYPES_H
| # include <inttypes.h>
| #endif
| #ifdef HAVE_STDINT_H
| # include <stdint.h>
| #endif
| #ifdef HAVE_UNISTD_H
| # include <unistd.h>
| #endif
| #include <minix/config.h>
configure:16473: result: no
configure:16473: checking minix/config.h presence
configure:16473: gcc -E  conftest.c
conftest.c:47:26: fatal error: minix/config.h: No such file or directory
 #include <minix/config.h>
                          ^
compilation terminated.
configure:16473: $? = 1
configure: failed program was:
| /* confdefs.h */
| #define PACKAGE_NAME "hunspell"
| #define PACKAGE_TARNAME "hunspell"
| #define PACKAGE_VERSION "1.3.3"
| #define PACKAGE_STRING "hunspell 1.3.3"
| #define PACKAGE_BUGREPORT "nemeth@numbertext.org"
| #define PACKAGE_URL ""
| #define PACKAGE "hunspell"
| #define VERSION "1.3.3"
| #define STDC_HEADERS 1
| #define HAVE_SYS_TYPES_H 1
| #define HAVE_SYS_STAT_H 1
| #define HAVE_STDLIB_H 1
| #define HAVE_STRING_H 1
| #define HAVE_MEMORY_H 1
| #define HAVE_STRINGS_H 1
| #define HAVE_INTTYPES_H 1
| #define HAVE_STDINT_H 1
| #define HAVE_UNISTD_H 1
| #define HAVE_DLFCN_H 1
| #define LT_OBJDIR ".libs/"
| #define HAVE_FCNTL_H 1
| #define HAVE_LIBINTL_H 1
| #define HAVE_LOCALE_H 1
| #define HAVE_UNISTD_H 1
| #define HAVE_ERROR_H 1
| #define STDC_HEADERS 1
| #define HAVE_MEMCHR 1
| #define HAVE_SETLOCALE 1
| #define HAVE_STRCHR 1
| #define HAVE_STRSTR 1
| #define HAVE_VISIBILITY 1
| #define HAVE_STDINT_H_WITH_UINTMAX 1
| #define HAVE_ALLOCA_H 1
| #define HAVE_ALLOCA 1
| #define HAVE_STDLIB_H 1
| #define HAVE_UNISTD_H 1
| #define HAVE_SYS_PARAM_H 1
| #define HAVE_GETPAGESIZE 1
| #define HAVE_MMAP 1
| #define INTDIV0_RAISES_SIGFPE 1
| #define HAVE_INTTYPES_H_WITH_UINTMAX 1
| #define HAVE_UNSIGNED_LONG_LONG_INT 1
| #define HAVE_UINTMAX_T 1
| #define HAVE_INTTYPES_H 1
| /* end confdefs.h.  */
| #include <minix/config.h>
configure:16473: result: no
configure:16473: checking for minix/config.h
configure:16473: result: no
configure:16494: checking whether it is safe to define __EXTENSIONS__
configure:16512: gcc -c -g -O2  conftest.c >&5
configure:16512: $? = 0
configure:16519: result: yes
configure:16613: checking for ld used by GCC
configure:16677: result: /usr/bin/ld -m elf_x86_64
configure:16684: checking if the linker (/usr/bin/ld -m elf_x86_64) is GNU ld
configure:16697: result: yes
configure:16704: checking for shared library run path origin
configure:16717: result: done
configure:16763: checking whether imported symbols can be declared weak
configure:16778: gcc -o conftest -g -O2   conftest.c  >&5
configure:16778: $? = 0
configure:16783: result: yes
configure:16788: checking pthread.h usability
configure:16788: gcc -c -g -O2  conftest.c >&5
configure:16788: $? = 0
configure:16788: result: yes
configure:16788: checking pthread.h presence
configure:16788: gcc -E  conftest.c
configure:16788: $? = 0
configure:16788: result: yes
configure:16788: checking for pthread.h
configure:16788: result: yes
configure:16816: gcc -o conftest -g -O2   conftest.c  >&5
conftest.c: In function 'main':
conftest.c:56:1: warning: null argument where non-null required (argument 1) [-Wnonnull]
 pthread_mutex_lock((pthread_mutex_t*)0);
 ^
conftest.c:57:12: warning: null argument where non-null required (argument 1) [-Wnonnull]
            pthread_mutexattr_init((pthread_mutexattr_t*)0);
            ^
/tmp/cc33wGWo.o: In function `main':
/home/crazyhorse/MyProject/GoldenDict/GitDict/MyCode/lib/source/hunspell-1.3.3/conftest.c:57: undefined reference to `pthread_mutexattr_init'
collect2: error: ld returned 1 exit status
configure:16816: $? = 1
configure: failed program was:
| /* confdefs.h */
| #define PACKAGE_NAME "hunspell"
| #define PACKAGE_TARNAME "hunspell"
| #define PACKAGE_VERSION "1.3.3"
| #define PACKAGE_STRING "hunspell 1.3.3"
| #define PACKAGE_BUGREPORT "nemeth@numbertext.org"
| #define PACKAGE_URL ""
| #define PACKAGE "hunspell"
| #define VERSION "1.3.3"
| #define STDC_HEADERS 1
| #define HAVE_SYS_TYPES_H 1
| #define HAVE_SYS_STAT_H 1
| #define HAVE_STDLIB_H 1
| #define HAVE_STRING_H 1
| #define HAVE_MEMORY_H 1
| #define HAVE_STRINGS_H 1
| #define HAVE_INTTYPES_H 1
| #define HAVE_STDINT_H 1
| #define HAVE_UNISTD_H 1
| #define HAVE_DLFCN_H 1
| #define LT_OBJDIR ".libs/"
| #define HAVE_FCNTL_H 1
| #define HAVE_LIBINTL_H 1
| #define HAVE_LOCALE_H 1
| #define HAVE_UNISTD_H 1
| #define HAVE_ERROR_H 1
| #define STDC_HEADERS 1
| #define HAVE_MEMCHR 1
| #define HAVE_SETLOCALE 1
| #define HAVE_STRCHR 1
| #define HAVE_STRSTR 1
| #define HAVE_VISIBILITY 1
| #define HAVE_STDINT_H_WITH_UINTMAX 1
| #define HAVE_ALLOCA_H 1
| #define HAVE_ALLOCA 1
| #define HAVE_STDLIB_H 1
| #define HAVE_UNISTD_H 1
| #define HAVE_SYS_PARAM_H 1
| #define HAVE_GETPAGESIZE 1
| #define HAVE_MMAP 1
| #define INTDIV0_RAISES_SIGFPE 1
| #define HAVE_INTTYPES_H_WITH_UINTMAX 1
| #define HAVE_UNSIGNED_LONG_LONG_INT 1
| #define HAVE_UINTMAX_T 1
| #define HAVE_INTTYPES_H 1
| #define __EXTENSIONS__ 1
| #define _ALL_SOURCE 1
| #define _GNU_SOURCE 1
| #define _POSIX_PTHREAD_SEMANTICS 1
| #define _TANDEM_SOURCE 1
| /* end confdefs.h.  */
| #include <pthread.h>
| int
| main ()
| {
| pthread_mutex_lock((pthread_mutex_t*)0);
|            pthread_mutexattr_init((pthread_mutexattr_t*)0);
|   ;
|   return 0;
| }
configure:16879: checking for pthread_kill in -lpthread
configure:16904: gcc -o conftest -g -O2   conftest.c -lpthread   >&5
configure:16904: $? = 0
configure:16913: result: yes
configure:16983: checking for pthread_rwlock_t
configure:16983: gcc -c -g -O2  conftest.c >&5
configure:16983: $? = 0
configure:16983: gcc -c -g -O2  conftest.c >&5
conftest.c: In function 'main':
conftest.c:59:31: error: expected expression before ')' token
 if (sizeof ((pthread_rwlock_t)))
                               ^
configure:16983: $? = 1
configure: failed program was:
| /* confdefs.h */
| #define PACKAGE_NAME "hunspell"
| #define PACKAGE_TARNAME "hunspell"
| #define PACKAGE_VERSION "1.3.3"
| #define PACKAGE_STRING "hunspell 1.3.3"
| #define PACKAGE_BUGREPORT "nemeth@numbertext.org"
| #define PACKAGE_URL ""
| #define PACKAGE "hunspell"
| #define VERSION "1.3.3"
| #define STDC_HEADERS 1
| #define HAVE_SYS_TYPES_H 1
| #define HAVE_SYS_STAT_H 1
| #define HAVE_STDLIB_H 1
| #define HAVE_STRING_H 1
| #define HAVE_MEMORY_H 1
| #define HAVE_STRINGS_H 1
| #define HAVE_INTTYPES_H 1
| #define HAVE_STDINT_H 1
| #define HAVE_UNISTD_H 1
| #define HAVE_DLFCN_H 1
| #define LT_OBJDIR ".libs/"
| #define HAVE_FCNTL_H 1
| #define HAVE_LIBINTL_H 1
| #define HAVE_LOCALE_H 1
| #define HAVE_UNISTD_H 1
| #define HAVE_ERROR_H 1
| #define STDC_HEADERS 1
| #define HAVE_MEMCHR 1
| #define HAVE_SETLOCALE 1
| #define HAVE_STRCHR 1
| #define HAVE_STRSTR 1
| #define HAVE_VISIBILITY 1
| #define HAVE_STDINT_H_WITH_UINTMAX 1
| #define HAVE_ALLOCA_H 1
| #define HAVE_ALLOCA 1
| #define HAVE_STDLIB_H 1
| #define HAVE_UNISTD_H 1
| #define HAVE_SYS_PARAM_H 1
| #define HAVE_GETPAGESIZE 1
| #define HAVE_MMAP 1
| #define INTDIV0_RAISES_SIGFPE 1
| #define HAVE_INTTYPES_H_WITH_UINTMAX 1
| #define HAVE_UNSIGNED_LONG_LONG_INT 1
| #define HAVE_UINTMAX_T 1
| #define HAVE_INTTYPES_H 1
| #define __EXTENSIONS__ 1
| #define _ALL_SOURCE 1
| #define _GNU_SOURCE 1
| #define _POSIX_PTHREAD_SEMANTICS 1
| #define _TANDEM_SOURCE 1
| #define USE_POSIX_THREADS 1
| #define USE_POSIX_THREADS_WEAK 1
| /* end confdefs.h.  */
| #include <pthread.h>
| 
| int
| main ()
| {
| if (sizeof ((pthread_rwlock_t)))
| 	    return 0;
|   ;
|   return 0;
| }
configure:16983: result: yes
configure:17008: gcc -c -g -O2  conftest.c >&5
configure:17008: $? = 0
configure:17606: checking for multithread API to use
configure:17608: result: posix
configure:18076: gcc -o conftest -g -O2   conftest.c  >&5
configure:18076: $? = 0
configure:18087: checking argz.h usability
configure:18087: gcc -c -g -O2  conftest.c >&5
configure:18087: $? = 0
configure:18087: result: yes
configure:18087: checking argz.h presence
configure:18087: gcc -E  conftest.c
configure:18087: $? = 0
configure:18087: result: yes
configure:18087: checking for argz.h
configure:18087: result: yes
configure:18087: checking for inttypes.h
configure:18087: result: yes
configure:18087: checking limits.h usability
configure:18087: gcc -c -g -O2  conftest.c >&5
configure:18087: $? = 0
configure:18087: result: yes
configure:18087: checking limits.h presence
configure:18087: gcc -E  conftest.c
configure:18087: $? = 0
configure:18087: result: yes
configure:18087: checking for limits.h
configure:18087: result: yes
configure:18087: checking for unistd.h
configure:18087: result: yes
configure:18087: checking for sys/param.h
configure:18087: result: yes
configure:18102: checking for getcwd
configure:18102: gcc -o conftest -g -O2   conftest.c  >&5
configure:18102: $? = 0
configure:18102: result: yes
configure:18102: checking for getegid
configure:18102: gcc -o conftest -g -O2   conftest.c  >&5
configure:18102: $? = 0
configure:18102: result: yes
configure:18102: checking for geteuid
configure:18102: gcc -o conftest -g -O2   conftest.c  >&5
configure:18102: $? = 0
configure:18102: result: yes
configure:18102: checking for getgid
configure:18102: gcc -o conftest -g -O2   conftest.c  >&5
configure:18102: $? = 0
configure:18102: result: yes
configure:18102: checking for getuid
configure:18102: gcc -o conftest -g -O2   conftest.c  >&5
configure:18102: $? = 0
configure:18102: result: yes
configure:18102: checking for mempcpy
configure:18102: gcc -o conftest -g -O2   conftest.c  >&5
conftest.c:90:6: warning: conflicting types for built-in function 'mempcpy' [enabled by default]
 char mempcpy ();
      ^
configure:18102: $? = 0
configure:18102: result: yes
configure:18102: checking for munmap
configure:18102: gcc -o conftest -g -O2   conftest.c  >&5
configure:18102: $? = 0
configure:18102: result: yes
configure:18102: checking for stpcpy
configure:18102: gcc -o conftest -g -O2   conftest.c  >&5
conftest.c:92:6: warning: conflicting types for built-in function 'stpcpy' [enabled by default]
 char stpcpy ();
      ^
configure:18102: $? = 0
configure:18102: result: yes
configure:18102: checking for strcasecmp
configure:18102: gcc -o conftest -g -O2   conftest.c  >&5
conftest.c:93:6: warning: conflicting types for built-in function 'strcasecmp' [enabled by default]
 char strcasecmp ();
      ^
configure:18102: $? = 0
configure:18102: result: yes
configure:18102: checking for strdup
configure:18102: gcc -o conftest -g -O2   conftest.c  >&5
conftest.c:94:6: warning: conflicting types for built-in function 'strdup' [enabled by default]
 char strdup ();
      ^
configure:18102: $? = 0
configure:18102: result: yes
configure:18102: checking for strtoul
configure:18102: gcc -o conftest -g -O2   conftest.c  >&5
configure:18102: $? = 0
configure:18102: result: yes
configure:18102: checking for tsearch
configure:18102: gcc -o conftest -g -O2   conftest.c  >&5
configure:18102: $? = 0
configure:18102: result: yes
configure:18102: checking for argz_count
configure:18102: gcc -o conftest -g -O2   conftest.c  >&5
configure:18102: $? = 0
configure:18102: result: yes
configure:18102: checking for argz_stringify
configure:18102: gcc -o conftest -g -O2   conftest.c  >&5
configure:18102: $? = 0
configure:18102: result: yes
configure:18102: checking for argz_next
configure:18102: gcc -o conftest -g -O2   conftest.c  >&5
configure:18102: $? = 0
configure:18102: result: yes
configure:18102: checking for __fsetlocking
configure:18102: gcc -o conftest -g -O2   conftest.c  >&5
configure:18102: $? = 0
configure:18102: result: yes
configure:18113: checking whether feof_unlocked is declared
configure:18133: gcc -c -g -O2  conftest.c >&5
configure:18133: $? = 0
configure:18140: result: yes
configure:18154: checking whether fgets_unlocked is declared
configure:18174: gcc -c -g -O2  conftest.c >&5
configure:18174: $? = 0
configure:18181: result: yes
configure:18225: checking for iconv
configure:18247: gcc -o conftest -g -O2   conftest.c  >&5
configure:18247: $? = 0
configure:18279: result: yes
configure:18282: checking for working iconv
configure:18358: gcc -o conftest -g -O2   conftest.c  >&5
configure:18358: $? = 0
configure:18358: ./conftest
configure:18358: $? = 0
configure:18370: result: yes
configure:18398: checking for iconv declaration
configure:18427: gcc -c -g -O2  conftest.c >&5
configure:18427: $? = 0
configure:18438: result: 
         extern size_t iconv (iconv_t cd, char * *inbuf, size_t *inbytesleft, char * *outbuf, size_t *outbytesleft);
configure:18449: checking for NL_LOCALE_NAME macro
configure:18468: gcc -o conftest -g -O2   conftest.c  >&5
configure:18468: $? = 0
configure:18477: result: yes
configure:18489: checking for bison
configure:18519: result: no
configure:18547: checking for long long int
configure:18587: gcc -o conftest -g -O2   conftest.c  >&5
configure:18587: $? = 0
configure:18617: gcc -o conftest -g -O2   conftest.c  >&5
configure:18617: $? = 0
configure:18617: ./conftest
configure:18617: $? = 0
configure:18632: result: yes
configure:18641: checking for wchar_t
configure:18658: gcc -c -g -O2  conftest.c >&5
configure:18658: $? = 0
configure:18665: result: yes
configure:18674: checking for wint_t
configure:18699: gcc -c -g -O2  conftest.c >&5
configure:18699: $? = 0
configure:18706: result: yes
configure:18717: checking for intmax_t
configure:18743: gcc -c -g -O2  conftest.c >&5
configure:18743: $? = 0
configure:18750: result: yes
configure:18760: checking whether printf() supports POSIX/XSI format strings
configure:18801: gcc -o conftest -g -O2   conftest.c  >&5
configure:18801: $? = 0
configure:18801: ./conftest
configure:18801: $? = 0
configure:18812: result: yes
configure:18823: checking whether we are using the GNU C Library 2.1 or newer
configure:18850: result: yes
configure:18859: checking for stdint.h
configure:18859: result: yes
configure:18869: checking for SIZE_MAX
configure:18941: result: yes
configure:18956: checking for stdint.h
configure:18956: result: yes
configure:18968: checking for CFPreferencesCopyAppValue
configure:18986: gcc -o conftest -g -O2   conftest.c  -Wl,-framework -Wl,CoreFoundation >&5
conftest.c:90:42: fatal error: CoreFoundation/CFPreferences.h: No such file or directory
 #include <CoreFoundation/CFPreferences.h>
                                          ^
compilation terminated.
configure:18986: $? = 1
configure: failed program was:
| /* confdefs.h */
| #define PACKAGE_NAME "hunspell"
| #define PACKAGE_TARNAME "hunspell"
| #define PACKAGE_VERSION "1.3.3"
| #define PACKAGE_STRING "hunspell 1.3.3"
| #define PACKAGE_BUGREPORT "nemeth@numbertext.org"
| #define PACKAGE_URL ""
| #define PACKAGE "hunspell"
| #define VERSION "1.3.3"
| #define STDC_HEADERS 1
| #define HAVE_SYS_TYPES_H 1
| #define HAVE_SYS_STAT_H 1
| #define HAVE_STDLIB_H 1
| #define HAVE_STRING_H 1
| #define HAVE_MEMORY_H 1
| #define HAVE_STRINGS_H 1
| #define HAVE_INTTYPES_H 1
| #define HAVE_STDINT_H 1
| #define HAVE_UNISTD_H 1
| #define HAVE_DLFCN_H 1
| #define LT_OBJDIR ".libs/"
| #define HAVE_FCNTL_H 1
| #define HAVE_LIBINTL_H 1
| #define HAVE_LOCALE_H 1
| #define HAVE_UNISTD_H 1
| #define HAVE_ERROR_H 1
| #define STDC_HEADERS 1
| #define HAVE_MEMCHR 1
| #define HAVE_SETLOCALE 1
| #define HAVE_STRCHR 1
| #define HAVE_STRSTR 1
| #define HAVE_VISIBILITY 1
| #define HAVE_STDINT_H_WITH_UINTMAX 1
| #define HAVE_ALLOCA_H 1
| #define HAVE_ALLOCA 1
| #define HAVE_STDLIB_H 1
| #define HAVE_UNISTD_H 1
| #define HAVE_SYS_PARAM_H 1
| #define HAVE_GETPAGESIZE 1
| #define HAVE_MMAP 1
| #define INTDIV0_RAISES_SIGFPE 1
| #define HAVE_INTTYPES_H_WITH_UINTMAX 1
| #define HAVE_UNSIGNED_LONG_LONG_INT 1
| #define HAVE_UINTMAX_T 1
| #define HAVE_INTTYPES_H 1
| #define __EXTENSIONS__ 1
| #define _ALL_SOURCE 1
| #define _GNU_SOURCE 1
| #define _POSIX_PTHREAD_SEMANTICS 1
| #define _TANDEM_SOURCE 1
| #define USE_POSIX_THREADS 1
| #define USE_POSIX_THREADS_WEAK 1
| #define HAVE_PTHREAD_RWLOCK 1
| #define HAVE_PTHREAD_MUTEX_RECURSIVE 1
| #define HAVE_BUILTIN_EXPECT 1
| #define HAVE_ARGZ_H 1
| #define HAVE_INTTYPES_H 1
| #define HAVE_LIMITS_H 1
| #define HAVE_UNISTD_H 1
| #define HAVE_SYS_PARAM_H 1
| #define HAVE_GETCWD 1
| #define HAVE_GETEGID 1
| #define HAVE_GETEUID 1
| #define HAVE_GETGID 1
| #define HAVE_GETUID 1
| #define HAVE_MEMPCPY 1
| #define HAVE_MUNMAP 1
| #define HAVE_STPCPY 1
| #define HAVE_STRCASECMP 1
| #define HAVE_STRDUP 1
| #define HAVE_STRTOUL 1
| #define HAVE_TSEARCH 1
| #define HAVE_ARGZ_COUNT 1
| #define HAVE_ARGZ_STRINGIFY 1
| #define HAVE_ARGZ_NEXT 1
| #define HAVE___FSETLOCKING 1
| #define HAVE_DECL_FEOF_UNLOCKED 1
| #define HAVE_DECL_FGETS_UNLOCKED 1
| #define HAVE_ICONV 1
| #define ICONV_CONST 
| #define HAVE_NL_LOCALE_NAME 1
| #define HAVE_LONG_LONG_INT 1
| #define HAVE_WCHAR_T 1
| #define HAVE_WINT_T 1
| #define HAVE_INTMAX_T 1
| #define HAVE_POSIX_PRINTF 1
| #define HAVE_STDINT_H 1
| #define HAVE_STDINT_H 1
| /* end confdefs.h.  */
| #include <CoreFoundation/CFPreferences.h>
| int
| main ()
| {
| CFPreferencesCopyAppValue(NULL, NULL)
|   ;
|   return 0;
| }
configure:18995: result: no
configure:19002: checking for CFLocaleCopyCurrent
configure:19020: gcc -o conftest -g -O2   conftest.c  -Wl,-framework -Wl,CoreFoundation >&5
conftest.c:90:37: fatal error: CoreFoundation/CFLocale.h: No such file or directory
 #include <CoreFoundation/CFLocale.h>
                                     ^
compilation terminated.
configure:19020: $? = 1
configure: failed program was:
| /* confdefs.h */
| #define PACKAGE_NAME "hunspell"
| #define PACKAGE_TARNAME "hunspell"
| #define PACKAGE_VERSION "1.3.3"
| #define PACKAGE_STRING "hunspell 1.3.3"
| #define PACKAGE_BUGREPORT "nemeth@numbertext.org"
| #define PACKAGE_URL ""
| #define PACKAGE "hunspell"
| #define VERSION "1.3.3"
| #define STDC_HEADERS 1
| #define HAVE_SYS_TYPES_H 1
| #define HAVE_SYS_STAT_H 1
| #define HAVE_STDLIB_H 1
| #define HAVE_STRING_H 1
| #define HAVE_MEMORY_H 1
| #define HAVE_STRINGS_H 1
| #define HAVE_INTTYPES_H 1
| #define HAVE_STDINT_H 1
| #define HAVE_UNISTD_H 1
| #define HAVE_DLFCN_H 1
| #define LT_OBJDIR ".libs/"
| #define HAVE_FCNTL_H 1
| #define HAVE_LIBINTL_H 1
| #define HAVE_LOCALE_H 1
| #define HAVE_UNISTD_H 1
| #define HAVE_ERROR_H 1
| #define STDC_HEADERS 1
| #define HAVE_MEMCHR 1
| #define HAVE_SETLOCALE 1
| #define HAVE_STRCHR 1
| #define HAVE_STRSTR 1
| #define HAVE_VISIBILITY 1
| #define HAVE_STDINT_H_WITH_UINTMAX 1
| #define HAVE_ALLOCA_H 1
| #define HAVE_ALLOCA 1
| #define HAVE_STDLIB_H 1
| #define HAVE_UNISTD_H 1
| #define HAVE_SYS_PARAM_H 1
| #define HAVE_GETPAGESIZE 1
| #define HAVE_MMAP 1
| #define INTDIV0_RAISES_SIGFPE 1
| #define HAVE_INTTYPES_H_WITH_UINTMAX 1
| #define HAVE_UNSIGNED_LONG_LONG_INT 1
| #define HAVE_UINTMAX_T 1
| #define HAVE_INTTYPES_H 1
| #define __EXTENSIONS__ 1
| #define _ALL_SOURCE 1
| #define _GNU_SOURCE 1
| #define _POSIX_PTHREAD_SEMANTICS 1
| #define _TANDEM_SOURCE 1
| #define USE_POSIX_THREADS 1
| #define USE_POSIX_THREADS_WEAK 1
| #define HAVE_PTHREAD_RWLOCK 1
| #define HAVE_PTHREAD_MUTEX_RECURSIVE 1
| #define HAVE_BUILTIN_EXPECT 1
| #define HAVE_ARGZ_H 1
| #define HAVE_INTTYPES_H 1
| #define HAVE_LIMITS_H 1
| #define HAVE_UNISTD_H 1
| #define HAVE_SYS_PARAM_H 1
| #define HAVE_GETCWD 1
| #define HAVE_GETEGID 1
| #define HAVE_GETEUID 1
| #define HAVE_GETGID 1
| #define HAVE_GETUID 1
| #define HAVE_MEMPCPY 1
| #define HAVE_MUNMAP 1
| #define HAVE_STPCPY 1
| #define HAVE_STRCASECMP 1
| #define HAVE_STRDUP 1
| #define HAVE_STRTOUL 1
| #define HAVE_TSEARCH 1
| #define HAVE_ARGZ_COUNT 1
| #define HAVE_ARGZ_STRINGIFY 1
| #define HAVE_ARGZ_NEXT 1
| #define HAVE___FSETLOCKING 1
| #define HAVE_DECL_FEOF_UNLOCKED 1
| #define HAVE_DECL_FGETS_UNLOCKED 1
| #define HAVE_ICONV 1
| #define ICONV_CONST 
| #define HAVE_NL_LOCALE_NAME 1
| #define HAVE_LONG_LONG_INT 1
| #define HAVE_WCHAR_T 1
| #define HAVE_WINT_T 1
| #define HAVE_INTMAX_T 1
| #define HAVE_POSIX_PRINTF 1
| #define HAVE_STDINT_H 1
| #define HAVE_STDINT_H 1
| /* end confdefs.h.  */
| #include <CoreFoundation/CFLocale.h>
| int
| main ()
| {
| CFLocaleCopyCurrent();
|   ;
|   return 0;
| }
configure:19029: result: no
configure:19047: checking for ptrdiff_t
configure:19047: gcc -c -g -O2  conftest.c >&5
configure:19047: $? = 0
configure:19047: gcc -c -g -O2  conftest.c >&5
conftest.c: In function 'main':
conftest.c:126:24: error: expected expression before ')' token
 if (sizeof ((ptrdiff_t)))
                        ^
configure:19047: $? = 1
configure: failed program was:
| /* confdefs.h */
| #define PACKAGE_NAME "hunspell"
| #define PACKAGE_TARNAME "hunspell"
| #define PACKAGE_VERSION "1.3.3"
| #define PACKAGE_STRING "hunspell 1.3.3"
| #define PACKAGE_BUGREPORT "nemeth@numbertext.org"
| #define PACKAGE_URL ""
| #define PACKAGE "hunspell"
| #define VERSION "1.3.3"
| #define STDC_HEADERS 1
| #define HAVE_SYS_TYPES_H 1
| #define HAVE_SYS_STAT_H 1
| #define HAVE_STDLIB_H 1
| #define HAVE_STRING_H 1
| #define HAVE_MEMORY_H 1
| #define HAVE_STRINGS_H 1
| #define HAVE_INTTYPES_H 1
| #define HAVE_STDINT_H 1
| #define HAVE_UNISTD_H 1
| #define HAVE_DLFCN_H 1
| #define LT_OBJDIR ".libs/"
| #define HAVE_FCNTL_H 1
| #define HAVE_LIBINTL_H 1
| #define HAVE_LOCALE_H 1
| #define HAVE_UNISTD_H 1
| #define HAVE_ERROR_H 1
| #define STDC_HEADERS 1
| #define HAVE_MEMCHR 1
| #define HAVE_SETLOCALE 1
| #define HAVE_STRCHR 1
| #define HAVE_STRSTR 1
| #define HAVE_VISIBILITY 1
| #define HAVE_STDINT_H_WITH_UINTMAX 1
| #define HAVE_ALLOCA_H 1
| #define HAVE_ALLOCA 1
| #define HAVE_STDLIB_H 1
| #define HAVE_UNISTD_H 1
| #define HAVE_SYS_PARAM_H 1
| #define HAVE_GETPAGESIZE 1
| #define HAVE_MMAP 1
| #define INTDIV0_RAISES_SIGFPE 1
| #define HAVE_INTTYPES_H_WITH_UINTMAX 1
| #define HAVE_UNSIGNED_LONG_LONG_INT 1
| #define HAVE_UINTMAX_T 1
| #define HAVE_INTTYPES_H 1
| #define __EXTENSIONS__ 1
| #define _ALL_SOURCE 1
| #define _GNU_SOURCE 1
| #define _POSIX_PTHREAD_SEMANTICS 1
| #define _TANDEM_SOURCE 1
| #define USE_POSIX_THREADS 1
| #define USE_POSIX_THREADS_WEAK 1
| #define HAVE_PTHREAD_RWLOCK 1
| #define HAVE_PTHREAD_MUTEX_RECURSIVE 1
| #define HAVE_BUILTIN_EXPECT 1
| #define HAVE_ARGZ_H 1
| #define HAVE_INTTYPES_H 1
| #define HAVE_LIMITS_H 1
| #define HAVE_UNISTD_H 1
| #define HAVE_SYS_PARAM_H 1
| #define HAVE_GETCWD 1
| #define HAVE_GETEGID 1
| #define HAVE_GETEUID 1
| #define HAVE_GETGID 1
| #define HAVE_GETUID 1
| #define HAVE_MEMPCPY 1
| #define HAVE_MUNMAP 1
| #define HAVE_STPCPY 1
| #define HAVE_STRCASECMP 1
| #define HAVE_STRDUP 1
| #define HAVE_STRTOUL 1
| #define HAVE_TSEARCH 1
| #define HAVE_ARGZ_COUNT 1
| #define HAVE_ARGZ_STRINGIFY 1
| #define HAVE_ARGZ_NEXT 1
| #define HAVE___FSETLOCKING 1
| #define HAVE_DECL_FEOF_UNLOCKED 1
| #define HAVE_DECL_FGETS_UNLOCKED 1
| #define HAVE_ICONV 1
| #define ICONV_CONST 
| #define HAVE_NL_LOCALE_NAME 1
| #define HAVE_LONG_LONG_INT 1
| #define HAVE_WCHAR_T 1
| #define HAVE_WINT_T 1
| #define HAVE_INTMAX_T 1
| #define HAVE_POSIX_PRINTF 1
| #define HAVE_STDINT_H 1
| #define HAVE_STDINT_H 1
| /* end confdefs.h.  */
| #include <stdio.h>
| #ifdef HAVE_SYS_TYPES_H
| # include <sys/types.h>
| #endif
| #ifdef HAVE_SYS_STAT_H
| # include <sys/stat.h>
| #endif
| #ifdef STDC_HEADERS
| # include <stdlib.h>
| # include <stddef.h>
| #else
| # ifdef HAVE_STDLIB_H
| #  include <stdlib.h>
| # endif
| #endif
| #ifdef HAVE_STRING_H
| # if !defined STDC_HEADERS && defined HAVE_MEMORY_H
| #  include <memory.h>
| # endif
| # include <string.h>
| #endif
| #ifdef HAVE_STRINGS_H
| # include <strings.h>
| #endif
| #ifdef HAVE_INTTYPES_H
| # include <inttypes.h>
| #endif
| #ifdef HAVE_STDINT_H
| # include <stdint.h>
| #endif
| #ifdef HAVE_UNISTD_H
| # include <unistd.h>
| #endif
| int
| main ()
| {
| if (sizeof ((ptrdiff_t)))
| 	    return 0;
|   ;
|   return 0;
| }
configure:19047: result: yes
configure:19060: checking stddef.h usability
configure:19060: gcc -c -g -O2  conftest.c >&5
configure:19060: $? = 0
configure:19060: result: yes
configure:19060: checking stddef.h presence
configure:19060: gcc -E  conftest.c
configure:19060: $? = 0
configure:19060: result: yes
configure:19060: checking for stddef.h
configure:19060: result: yes
configure:19060: checking for stdlib.h
configure:19060: result: yes
configure:19060: checking for string.h
configure:19060: result: yes
configure:19073: checking for asprintf
configure:19073: gcc -o conftest -g -O2   conftest.c  >&5
configure:19073: $? = 0
configure:19073: result: yes
configure:19073: checking for fwprintf
configure:19073: gcc -o conftest -g -O2   conftest.c  >&5
configure:19073: $? = 0
configure:19073: result: yes
configure:19073: checking for putenv
configure:19073: gcc -o conftest -g -O2   conftest.c  >&5
configure:19073: $? = 0
configure:19073: result: yes
configure:19073: checking for setenv
configure:19073: gcc -o conftest -g -O2   conftest.c  >&5
configure:19073: $? = 0
configure:19073: result: yes
configure:19073: checking for setlocale
configure:19073: result: yes
configure:19073: checking for snprintf
configure:19073: gcc -o conftest -g -O2   conftest.c  >&5
conftest.c:121:6: warning: conflicting types for built-in function 'snprintf' [enabled by default]
 char snprintf ();
      ^
configure:19073: $? = 0
configure:19073: result: yes
configure:19073: checking for wcslen
configure:19073: gcc -o conftest -g -O2   conftest.c  >&5
configure:19073: $? = 0
configure:19073: result: yes
configure:19084: checking whether _snprintf is declared
configure:19104: gcc -c -g -O2  conftest.c >&5
conftest.c: In function 'main':
conftest.c:106:22: error: '_snprintf' undeclared (first use in this function)
   char *p = (char *) _snprintf;
                      ^
conftest.c:106:22: note: each undeclared identifier is reported only once for each function it appears in
configure:19104: $? = 1
configure: failed program was:
| /* confdefs.h */
| #define PACKAGE_NAME "hunspell"
| #define PACKAGE_TARNAME "hunspell"
| #define PACKAGE_VERSION "1.3.3"
| #define PACKAGE_STRING "hunspell 1.3.3"
| #define PACKAGE_BUGREPORT "nemeth@numbertext.org"
| #define PACKAGE_URL ""
| #define PACKAGE "hunspell"
| #define VERSION "1.3.3"
| #define STDC_HEADERS 1
| #define HAVE_SYS_TYPES_H 1
| #define HAVE_SYS_STAT_H 1
| #define HAVE_STDLIB_H 1
| #define HAVE_STRING_H 1
| #define HAVE_MEMORY_H 1
| #define HAVE_STRINGS_H 1
| #define HAVE_INTTYPES_H 1
| #define HAVE_STDINT_H 1
| #define HAVE_UNISTD_H 1
| #define HAVE_DLFCN_H 1
| #define LT_OBJDIR ".libs/"
| #define HAVE_FCNTL_H 1
| #define HAVE_LIBINTL_H 1
| #define HAVE_LOCALE_H 1
| #define HAVE_UNISTD_H 1
| #define HAVE_ERROR_H 1
| #define STDC_HEADERS 1
| #define HAVE_MEMCHR 1
| #define HAVE_SETLOCALE 1
| #define HAVE_STRCHR 1
| #define HAVE_STRSTR 1
| #define HAVE_VISIBILITY 1
| #define HAVE_STDINT_H_WITH_UINTMAX 1
| #define HAVE_ALLOCA_H 1
| #define HAVE_ALLOCA 1
| #define HAVE_STDLIB_H 1
| #define HAVE_UNISTD_H 1
| #define HAVE_SYS_PARAM_H 1
| #define HAVE_GETPAGESIZE 1
| #define HAVE_MMAP 1
| #define INTDIV0_RAISES_SIGFPE 1
| #define HAVE_INTTYPES_H_WITH_UINTMAX 1
| #define HAVE_UNSIGNED_LONG_LONG_INT 1
| #define HAVE_UINTMAX_T 1
| #define HAVE_INTTYPES_H 1
| #define __EXTENSIONS__ 1
| #define _ALL_SOURCE 1
| #define _GNU_SOURCE 1
| #define _POSIX_PTHREAD_SEMANTICS 1
| #define _TANDEM_SOURCE 1
| #define USE_POSIX_THREADS 1
| #define USE_POSIX_THREADS_WEAK 1
| #define HAVE_PTHREAD_RWLOCK 1
| #define HAVE_PTHREAD_MUTEX_RECURSIVE 1
| #define HAVE_BUILTIN_EXPECT 1
| #define HAVE_ARGZ_H 1
| #define HAVE_INTTYPES_H 1
| #define HAVE_LIMITS_H 1
| #define HAVE_UNISTD_H 1
| #define HAVE_SYS_PARAM_H 1
| #define HAVE_GETCWD 1
| #define HAVE_GETEGID 1
| #define HAVE_GETEUID 1
| #define HAVE_GETGID 1
| #define HAVE_GETUID 1
| #define HAVE_MEMPCPY 1
| #define HAVE_MUNMAP 1
| #define HAVE_STPCPY 1
| #define HAVE_STRCASECMP 1
| #define HAVE_STRDUP 1
| #define HAVE_STRTOUL 1
| #define HAVE_TSEARCH 1
| #define HAVE_ARGZ_COUNT 1
| #define HAVE_ARGZ_STRINGIFY 1
| #define HAVE_ARGZ_NEXT 1
| #define HAVE___FSETLOCKING 1
| #define HAVE_DECL_FEOF_UNLOCKED 1
| #define HAVE_DECL_FGETS_UNLOCKED 1
| #define HAVE_ICONV 1
| #define ICONV_CONST 
| #define HAVE_NL_LOCALE_NAME 1
| #define HAVE_LONG_LONG_INT 1
| #define HAVE_WCHAR_T 1
| #define HAVE_WINT_T 1
| #define HAVE_INTMAX_T 1
| #define HAVE_POSIX_PRINTF 1
| #define HAVE_STDINT_H 1
| #define HAVE_STDINT_H 1
| #define HAVE_STDDEF_H 1
| #define HAVE_STDLIB_H 1
| #define HAVE_STRING_H 1
| #define HAVE_ASPRINTF 1
| #define HAVE_FWPRINTF 1
| #define HAVE_PUTENV 1
| #define HAVE_SETENV 1
| #define HAVE_SETLOCALE 1
| #define HAVE_SNPRINTF 1
| #define HAVE_WCSLEN 1
| /* end confdefs.h.  */
| #include <stdio.h>
| int
| main ()
| {
| 
| #ifndef _snprintf
|   char *p = (char *) _snprintf;
| #endif
| 
|   ;
|   return 0;
| }
configure:19111: result: no
configure:19125: checking whether _snwprintf is declared
configure:19145: gcc -c -g -O2  conftest.c >&5
conftest.c: In function 'main':
conftest.c:107:22: error: '_snwprintf' undeclared (first use in this function)
   char *p = (char *) _snwprintf;
                      ^
conftest.c:107:22: note: each undeclared identifier is reported only once for each function it appears in
configure:19145: $? = 1
configure: failed program was:
| /* confdefs.h */
| #define PACKAGE_NAME "hunspell"
| #define PACKAGE_TARNAME "hunspell"
| #define PACKAGE_VERSION "1.3.3"
| #define PACKAGE_STRING "hunspell 1.3.3"
| #define PACKAGE_BUGREPORT "nemeth@numbertext.org"
| #define PACKAGE_URL ""
| #define PACKAGE "hunspell"
| #define VERSION "1.3.3"
| #define STDC_HEADERS 1
| #define HAVE_SYS_TYPES_H 1
| #define HAVE_SYS_STAT_H 1
| #define HAVE_STDLIB_H 1
| #define HAVE_STRING_H 1
| #define HAVE_MEMORY_H 1
| #define HAVE_STRINGS_H 1
| #define HAVE_INTTYPES_H 1
| #define HAVE_STDINT_H 1
| #define HAVE_UNISTD_H 1
| #define HAVE_DLFCN_H 1
| #define LT_OBJDIR ".libs/"
| #define HAVE_FCNTL_H 1
| #define HAVE_LIBINTL_H 1
| #define HAVE_LOCALE_H 1
| #define HAVE_UNISTD_H 1
| #define HAVE_ERROR_H 1
| #define STDC_HEADERS 1
| #define HAVE_MEMCHR 1
| #define HAVE_SETLOCALE 1
| #define HAVE_STRCHR 1
| #define HAVE_STRSTR 1
| #define HAVE_VISIBILITY 1
| #define HAVE_STDINT_H_WITH_UINTMAX 1
| #define HAVE_ALLOCA_H 1
| #define HAVE_ALLOCA 1
| #define HAVE_STDLIB_H 1
| #define HAVE_UNISTD_H 1
| #define HAVE_SYS_PARAM_H 1
| #define HAVE_GETPAGESIZE 1
| #define HAVE_MMAP 1
| #define INTDIV0_RAISES_SIGFPE 1
| #define HAVE_INTTYPES_H_WITH_UINTMAX 1
| #define HAVE_UNSIGNED_LONG_LONG_INT 1
| #define HAVE_UINTMAX_T 1
| #define HAVE_INTTYPES_H 1
| #define __EXTENSIONS__ 1
| #define _ALL_SOURCE 1
| #define _GNU_SOURCE 1
| #define _POSIX_PTHREAD_SEMANTICS 1
| #define _TANDEM_SOURCE 1
| #define USE_POSIX_THREADS 1
| #define USE_POSIX_THREADS_WEAK 1
| #define HAVE_PTHREAD_RWLOCK 1
| #define HAVE_PTHREAD_MUTEX_RECURSIVE 1
| #define HAVE_BUILTIN_EXPECT 1
| #define HAVE_ARGZ_H 1
| #define HAVE_INTTYPES_H 1
| #define HAVE_LIMITS_H 1
| #define HAVE_UNISTD_H 1
| #define HAVE_SYS_PARAM_H 1
| #define HAVE_GETCWD 1
| #define HAVE_GETEGID 1
| #define HAVE_GETEUID 1
| #define HAVE_GETGID 1
| #define HAVE_GETUID 1
| #define HAVE_MEMPCPY 1
| #define HAVE_MUNMAP 1
| #define HAVE_STPCPY 1
| #define HAVE_STRCASECMP 1
| #define HAVE_STRDUP 1
| #define HAVE_STRTOUL 1
| #define HAVE_TSEARCH 1
| #define HAVE_ARGZ_COUNT 1
| #define HAVE_ARGZ_STRINGIFY 1
| #define HAVE_ARGZ_NEXT 1
| #define HAVE___FSETLOCKING 1
| #define HAVE_DECL_FEOF_UNLOCKED 1
| #define HAVE_DECL_FGETS_UNLOCKED 1
| #define HAVE_ICONV 1
| #define ICONV_CONST 
| #define HAVE_NL_LOCALE_NAME 1
| #define HAVE_LONG_LONG_INT 1
| #define HAVE_WCHAR_T 1
| #define HAVE_WINT_T 1
| #define HAVE_INTMAX_T 1
| #define HAVE_POSIX_PRINTF 1
| #define HAVE_STDINT_H 1
| #define HAVE_STDINT_H 1
| #define HAVE_STDDEF_H 1
| #define HAVE_STDLIB_H 1
| #define HAVE_STRING_H 1
| #define HAVE_ASPRINTF 1
| #define HAVE_FWPRINTF 1
| #define HAVE_PUTENV 1
| #define HAVE_SETENV 1
| #define HAVE_SETLOCALE 1
| #define HAVE_SNPRINTF 1
| #define HAVE_WCSLEN 1
| #define HAVE_DECL__SNPRINTF 0
| /* end confdefs.h.  */
| #include <stdio.h>
| int
| main ()
| {
| 
| #ifndef _snwprintf
|   char *p = (char *) _snwprintf;
| #endif
| 
|   ;
|   return 0;
| }
configure:19152: result: no
configure:19167: checking whether getc_unlocked is declared
configure:19187: gcc -c -g -O2  conftest.c >&5
configure:19187: $? = 0
configure:19194: result: yes
configure:19233: checking for nl_langinfo and CODESET
configure:19249: gcc -o conftest -g -O2   conftest.c  >&5
configure:19249: $? = 0
configure:19258: result: yes
configure:19267: checking for LC_MESSAGES
configure:19283: gcc -o conftest -g -O2   conftest.c  >&5
configure:19283: $? = 0
configure:19291: result: yes
configure:19442: checking for CFPreferencesCopyAppValue
configure:19469: result: no
configure:19476: checking for CFLocaleCopyCurrent
configure:19503: result: no
configure:19538: checking whether included gettext is requested
configure:19548: result: no
configure:19571: checking for GNU gettext in libc
configure:19591: gcc -o conftest -g -O2   conftest.c  >&5
configure:19591: $? = 0
configure:19600: result: yes
configure:20163: checking whether to use NLS
configure:20165: result: yes
configure:20168: checking where the gettext function comes from
configure:20179: result: libc
configure:20734: creating ./config.status

## ---------------- ##
## Cache variables. ##
## ---------------- ##

ac_cv_build=x86_64-unknown-linux-gnu
ac_cv_c_compiler_gnu=yes
ac_cv_c_const=yes
ac_cv_c_inline=inline
ac_cv_cxx_compiler_gnu=yes
ac_cv_env_CCC_set=
ac_cv_env_CCC_value=
ac_cv_env_CC_set=
ac_cv_env_CC_value=
ac_cv_env_CFLAGS_set=
ac_cv_env_CFLAGS_value=
ac_cv_env_CPPFLAGS_set=
ac_cv_env_CPPFLAGS_value=
ac_cv_env_CPP_set=
ac_cv_env_CPP_value=
ac_cv_env_CXXCPP_set=
ac_cv_env_CXXCPP_value=
ac_cv_env_CXXFLAGS_set=
ac_cv_env_CXXFLAGS_value=
ac_cv_env_CXX_set=
ac_cv_env_CXX_value=
ac_cv_env_LDFLAGS_set=
ac_cv_env_LDFLAGS_value=
ac_cv_env_LIBS_set=
ac_cv_env_LIBS_value=
ac_cv_env_build_alias_set=
ac_cv_env_build_alias_value=
ac_cv_env_host_alias_set=
ac_cv_env_host_alias_value=
ac_cv_env_target_alias_set=
ac_cv_env_target_alias_value=
ac_cv_func___fsetlocking=yes
ac_cv_func_alloca_works=yes
ac_cv_func_argz_count=yes
ac_cv_func_argz_next=yes
ac_cv_func_argz_stringify=yes
ac_cv_func_asprintf=yes
ac_cv_func_fwprintf=yes
ac_cv_func_getcwd=yes
ac_cv_func_getegid=yes
ac_cv_func_geteuid=yes
ac_cv_func_getgid=yes
ac_cv_func_getpagesize=yes
ac_cv_func_getuid=yes
ac_cv_func_memchr=yes
ac_cv_func_mempcpy=yes
ac_cv_func_mmap_fixed_mapped=yes
ac_cv_func_munmap=yes
ac_cv_func_putenv=yes
ac_cv_func_setenv=yes
ac_cv_func_setlocale=yes
ac_cv_func_snprintf=yes
ac_cv_func_stpcpy=yes
ac_cv_func_strcasecmp=yes
ac_cv_func_strchr=yes
ac_cv_func_strdup=yes
ac_cv_func_strstr=yes
ac_cv_func_strtoul=yes
ac_cv_func_tsearch=yes
ac_cv_func_wcslen=yes
ac_cv_gnu_library_2=yes
ac_cv_gnu_library_2_1=yes
ac_cv_have_decl__snprintf=no
ac_cv_have_decl__snwprintf=no
ac_cv_have_decl_feof_unlocked=yes
ac_cv_have_decl_fgets_unlocked=yes
ac_cv_have_decl_getc_unlocked=yes
ac_cv_header_argz_h=yes
ac_cv_header_dlfcn_h=yes
ac_cv_header_error_h=yes
ac_cv_header_fcntl_h=yes
ac_cv_header_inttypes_h=yes
ac_cv_header_libintl_h=yes
ac_cv_header_limits_h=yes
ac_cv_header_locale_h=yes
ac_cv_header_memory_h=yes
ac_cv_header_minix_config_h=no
ac_cv_header_pthread_h=yes
ac_cv_header_stdc=yes
ac_cv_header_stddef_h=yes
ac_cv_header_stdint_h=yes
ac_cv_header_stdlib_h=yes
ac_cv_header_string_h=yes
ac_cv_header_strings_h=yes
ac_cv_header_sys_param_h=yes
ac_cv_header_sys_stat_h=yes
ac_cv_header_sys_types_h=yes
ac_cv_header_unistd_h=yes
ac_cv_host=x86_64-unknown-linux-gnu
ac_cv_lib_error_at_line=yes
ac_cv_lib_pthread_pthread_kill=yes
ac_cv_objext=o
ac_cv_path_EGREP='/bin/grep -E'
ac_cv_path_FGREP='/bin/grep -F'
ac_cv_path_GMSGFMT=/usr/bin/msgfmt
ac_cv_path_GREP=/bin/grep
ac_cv_path_MSGFMT=/usr/bin/msgfmt
ac_cv_path_MSGMERGE=/usr/bin/msgmerge
ac_cv_path_SED=/bin/sed
ac_cv_path_XGETTEXT=/usr/bin/xgettext
ac_cv_path_install='/usr/bin/install -c'
ac_cv_path_mkdir=/bin/mkdir
ac_cv_prog_AWK=mawk
ac_cv_prog_CPP='gcc -E'
ac_cv_prog_CXXCPP='g++ -E'
ac_cv_prog_ac_ct_AR=ar
ac_cv_prog_ac_ct_CC=gcc
ac_cv_prog_ac_ct_CXX=g++
ac_cv_prog_ac_ct_OBJDUMP=objdump
ac_cv_prog_ac_ct_RANLIB=ranlib
ac_cv_prog_ac_ct_STRIP=strip
ac_cv_prog_cc_c89=
ac_cv_prog_cc_g=yes
ac_cv_prog_cxx_g=yes
ac_cv_prog_make_make_set=yes
ac_cv_safe_to_define___extensions__=yes
ac_cv_target=x86_64-unknown-linux-gnu
ac_cv_type_long_long_int=yes
ac_cv_type_pthread_rwlock_t=yes
ac_cv_type_ptrdiff_t=yes
ac_cv_type_size_t=yes
ac_cv_type_unsigned_long_long_int=yes
ac_cv_working_alloca_h=yes
acl_cv_hardcode_direct=no
acl_cv_hardcode_libdir_flag_spec='${wl}-rpath ${wl}$libdir'
acl_cv_hardcode_libdir_separator=
acl_cv_hardcode_minus_L=no
acl_cv_libext=a
acl_cv_libname_spec='lib$name'
acl_cv_library_names_spec='$libname$shrext'
acl_cv_path_LD='/usr/bin/ld -m elf_x86_64'
acl_cv_prog_gnu_ld=yes
acl_cv_rpath=done
acl_cv_shlibext=so
acl_cv_wl=-Wl,
am_cv_CC_dependencies_compiler_type=gcc3
am_cv_CXX_dependencies_compiler_type=gcc3
am_cv_func_iconv=yes
am_cv_func_iconv_works=yes
am_cv_langinfo_codeset=yes
am_cv_lib_iconv=no
am_cv_proto_iconv='extern size_t iconv (iconv_t cd, char * *inbuf, size_t *inbytesleft, char * *outbuf, size_t *outbytesleft);'
am_cv_proto_iconv_arg1=
gl_cv_cc_visibility=yes
gl_cv_header_inttypes_h=yes
gl_cv_header_stdint_h=yes
gl_cv_size_max=yes
gt_cv_c_intmax_t=yes
gt_cv_c_wchar_t=yes
gt_cv_c_wint_t=yes
gt_cv_func_CFLocaleCopyCurrent=no
gt_cv_func_CFPreferencesCopyAppValue=no
gt_cv_func_gnugettext1_libc=yes
gt_cv_func_printf_posix=yes
gt_cv_int_divbyzero_sigfpe=yes
gt_cv_inttypes_pri_broken=no
gt_cv_nl_locale_name=yes
gt_cv_val_LC_MESSAGES=yes
lt_cv_deplibs_check_method=pass_all
lt_cv_file_magic_cmd='$MAGIC_CMD'
lt_cv_file_magic_test_file=
lt_cv_ld_reload_flag=-r
lt_cv_nm_interface='BSD nm'
lt_cv_objdir=.libs
lt_cv_path_LD=/usr/bin/ld
lt_cv_path_LDCXX='/usr/bin/ld -m elf_x86_64'
lt_cv_path_NM='/usr/bin/nm -B'
lt_cv_prog_compiler_c_o=yes
lt_cv_prog_compiler_c_o_CXX=yes
lt_cv_prog_compiler_pic_works=yes
lt_cv_prog_compiler_pic_works_CXX=yes
lt_cv_prog_compiler_rtti_exceptions=no
lt_cv_prog_compiler_static_works=yes
lt_cv_prog_compiler_static_works_CXX=yes
lt_cv_prog_gnu_ld=yes
lt_cv_prog_gnu_ldcxx=yes
lt_cv_sys_global_symbol_pipe='sed -n -e '\''s/^.*[	 ]\([ABCDGIRSTW][ABCDGIRSTW]*\)[	 ][	 ]*\([_A-Za-z][_A-Za-z0-9]*\)$/\1 \2 \2/p'\'''
lt_cv_sys_global_symbol_to_c_name_address='sed -n -e '\''s/^: \([^ ]*\) $/  {\"\1\", (void *) 0},/p'\'' -e '\''s/^[ABCDGIRSTW]* \([^ ]*\) \([^ ]*\)$/  {"\2", (void *) \&\2},/p'\'''
lt_cv_sys_global_symbol_to_c_name_address_lib_prefix='sed -n -e '\''s/^: \([^ ]*\) $/  {\"\1\", (void *) 0},/p'\'' -e '\''s/^[ABCDGIRSTW]* \([^ ]*\) \(lib[^ ]*\)$/  {"\2", (void *) \&\2},/p'\'' -e '\''s/^[ABCDGIRSTW]* \([^ ]*\) \([^ ]*\)$/  {"lib\2", (void *) \&\2},/p'\'''
lt_cv_sys_global_symbol_to_cdecl='sed -n -e '\''s/^T .* \(.*\)$/extern int \1();/p'\'' -e '\''s/^[ABCDGIRSTW]* .* \(.*\)$/extern char \1;/p'\'''
lt_cv_sys_max_cmd_len=3458764513820540925
nls_cv_force_use_gnu_gettext=no
nls_cv_header_intl=
nls_cv_header_libgt=
nls_cv_use_gnu_gettext=no

## ----------------- ##
## Output variables. ##
## ----------------- ##

ACLOCAL='${SHELL} /home/crazyhorse/MyProject/GoldenDict/GitDict/MyCode/lib/source/hunspell-1.3.3/missing --run aclocal-1.11'
ALLOCA=''
AMDEPBACKSLASH='\'
AMDEP_FALSE='#'
AMDEP_TRUE=''
AMTAR='$${TAR-tar}'
AR='ar'
AS='as'
AUTOCONF='${SHELL} /home/crazyhorse/MyProject/GoldenDict/GitDict/MyCode/lib/source/hunspell-1.3.3/missing --run autoconf'
AUTOHEADER='${SHELL} /home/crazyhorse/MyProject/GoldenDict/GitDict/MyCode/lib/source/hunspell-1.3.3/missing --run autoheader'
AUTOMAKE='${SHELL} /home/crazyhorse/MyProject/GoldenDict/GitDict/MyCode/lib/source/hunspell-1.3.3/missing --run automake-1.11'
AWK='mawk'
BUILD_INCLUDED_LIBINTL='no'
CATOBJEXT='.gmo'
CC='gcc'
CCDEPMODE='depmode=gcc3'
CFLAGS='-g -O2'
CFLAG_VISIBILITY='-fvisibility=hidden'
CPP='gcc -E'
CPPFLAGS=''
CURSESLIB=''
CXX='g++'
CXXCPP='g++ -E'
CXXDEPMODE='depmode=gcc3'
CXXFLAGS='-g -O2'
CYGPATH_W='echo'
DATADIRNAME='share'
DEFS='-DHAVE_CONFIG_H'
DEPDIR='.deps'
DLLTOOL='dlltool'
DSYMUTIL=''
DUMPBIN=''
ECHO_C=''
ECHO_N='-n'
ECHO_T=''
EGREP='/bin/grep -E'
EXEEXT=''
FGREP='/bin/grep -F'
GENCAT='gencat'
GETTEXT_MACRO_VERSION='0.17'
GLIBC21='yes'
GLIBC2='yes'
GMSGFMT='/usr/bin/msgfmt'
GMSGFMT_015='/usr/bin/msgfmt'
GREP='/bin/grep'
HAVE_ASPRINTF='1'
HAVE_POSIX_PRINTF='1'
HAVE_SNPRINTF='1'
HAVE_VISIBILITY='1'
HAVE_WPRINTF='0'
HUNSPELL_VERSION_MAJOR='1'
HUNSPELL_VERSION_MINOR='3'
INSTALL_DATA='${INSTALL} -m 644'
INSTALL_PROGRAM='${INSTALL}'
INSTALL_SCRIPT='${INSTALL}'
INSTALL_STRIP_PROGRAM='$(install_sh) -c -s'
INSTOBJEXT='.mo'
INTLBISON=':'
INTLLIBS=''
INTLOBJS=''
INTL_LIBTOOL_SUFFIX_PREFIX=''
INTL_MACOSX_LIBS=''
LD='/usr/bin/ld -m elf_x86_64'
LDFLAGS=''
LIBICONV=''
LIBINTL=''
LIBMULTITHREAD='-lpthread'
LIBOBJS=''
LIBPTH=''
LIBPTH_PREFIX=''
LIBS=''
LIBTHREAD=''
LIBTOOL='$(SHELL) $(top_builddir)/libtool'
LIPO=''
LN_S='ln -s'
LTLIBC='-lc'
LTLIBICONV=''
LTLIBINTL=''
LTLIBMULTITHREAD='-lpthread'
LTLIBOBJS=''
LTLIBPTH=''
LTLIBTHREAD=''
MAKEINFO='${SHELL} /home/crazyhorse/MyProject/GoldenDict/GitDict/MyCode/lib/source/hunspell-1.3.3/missing --run makeinfo'
MKDIR_P='/bin/mkdir -p'
MSGFMT='/usr/bin/msgfmt'
MSGFMT_015='/usr/bin/msgfmt'
MSGMERGE='/usr/bin/msgmerge'
NM='/usr/bin/nm -B'
NMEDIT=''
OBJDUMP='objdump'
OBJEXT='o'
OTOOL64=''
OTOOL=''
PACKAGE='hunspell'
PACKAGE_BUGREPORT='nemeth@numbertext.org'
PACKAGE_NAME='hunspell'
PACKAGE_STRING='hunspell 1.3.3'
PACKAGE_TARNAME='hunspell'
PACKAGE_URL=''
PACKAGE_VERSION='1.3.3'
PATH_SEPARATOR=':'
POSUB='po'
PRI_MACROS_BROKEN='0'
RANLIB='ranlib'
READLINELIB=''
SED='/bin/sed'
SET_MAKE=''
SHELL='/bin/bash'
STRIP='strip'
USE_INCLUDED_LIBINTL='no'
USE_NLS='yes'
VERSION='1.3.3'
WINDRES=''
WOE32='no'
WOE32DLL='no'
XFAILED=''
XGETTEXT='/usr/bin/xgettext'
XGETTEXT_015='/usr/bin/xgettext'
XGETTEXT_EXTRA_OPTIONS=''
ac_ct_CC='gcc'
ac_ct_CXX='g++'
ac_ct_DUMPBIN=''
am__EXEEXT_FALSE=''
am__EXEEXT_TRUE='#'
am__fastdepCC_FALSE='#'
am__fastdepCC_TRUE=''
am__fastdepCXX_FALSE='#'
am__fastdepCXX_TRUE=''
am__include='include'
am__isrc=''
am__leading_dot='.'
am__nodep='_no'
am__quote=''
am__tar='$${TAR-tar} chof - "$$tardir"'
am__untar='$${TAR-tar} xf -'
bindir='${exec_prefix}/bin'
build='x86_64-unknown-linux-gnu'
build_alias=''
build_cpu='x86_64'
build_os='linux-gnu'
build_vendor='unknown'
datadir='${datarootdir}'
datarootdir='${prefix}/share'
docdir='${datarootdir}/doc/${PACKAGE_TARNAME}'
dvidir='${docdir}'
exec_prefix='${prefix}'
host='x86_64-unknown-linux-gnu'
host_alias=''
host_cpu='x86_64'
host_os='linux-gnu'
host_vendor='unknown'
htmldir='${docdir}'
includedir='${prefix}/include'
infodir='${datarootdir}/info'
install_sh='${SHELL} /home/crazyhorse/MyProject/GoldenDict/GitDict/MyCode/lib/source/hunspell-1.3.3/install-sh'
libdir='${exec_prefix}/lib'
libexecdir='${exec_prefix}/libexec'
localedir='${datarootdir}/locale'
localstatedir='${prefix}/var'
lt_ECHO='echo'
mandir='${datarootdir}/man'
mkdir_p='/bin/mkdir -p'
oldincludedir='/usr/include'
pdfdir='${docdir}'
prefix='/usr/local'
program_transform_name='s,x,x,'
psdir='${docdir}'
sbindir='${exec_prefix}/sbin'
sharedstatedir='${prefix}/com'
sysconfdir='${prefix}/etc'
target='x86_64-unknown-linux-gnu'
target_alias=''
target_cpu='x86_64'
target_os='linux-gnu'
target_vendor='unknown'

## ----------- ##
## confdefs.h. ##
## ----------- ##

/* confdefs.h */
#define PACKAGE_NAME "hunspell"
#define PACKAGE_TARNAME "hunspell"
#define PACKAGE_VERSION "1.3.3"
#define PACKAGE_STRING "hunspell 1.3.3"
#define PACKAGE_BUGREPORT "nemeth@numbertext.org"
#define PACKAGE_URL ""
#define PACKAGE "hunspell"
#define VERSION "1.3.3"
#define STDC_HEADERS 1
#define HAVE_SYS_TYPES_H 1
#define HAVE_SYS_STAT_H 1
#define HAVE_STDLIB_H 1
#define HAVE_STRING_H 1
#define HAVE_MEMORY_H 1
#define HAVE_STRINGS_H 1
#define HAVE_INTTYPES_H 1
#define HAVE_STDINT_H 1
#define HAVE_UNISTD_H 1
#define HAVE_DLFCN_H 1
#define LT_OBJDIR ".libs/"
#define HAVE_FCNTL_H 1
#define HAVE_LIBINTL_H 1
#define HAVE_LOCALE_H 1
#define HAVE_UNISTD_H 1
#define HAVE_ERROR_H 1
#define STDC_HEADERS 1
#define HAVE_MEMCHR 1
#define HAVE_SETLOCALE 1
#define HAVE_STRCHR 1
#define HAVE_STRSTR 1
#define HAVE_VISIBILITY 1
#define HAVE_STDINT_H_WITH_UINTMAX 1
#define HAVE_ALLOCA_H 1
#define HAVE_ALLOCA 1
#define HAVE_STDLIB_H 1
#define HAVE_UNISTD_H 1
#define HAVE_SYS_PARAM_H 1
#define HAVE_GETPAGESIZE 1
#define HAVE_MMAP 1
#define INTDIV0_RAISES_SIGFPE 1
#define HAVE_INTTYPES_H_WITH_UINTMAX 1
#define HAVE_UNSIGNED_LONG_LONG_INT 1
#define HAVE_UINTMAX_T 1
#define HAVE_INTTYPES_H 1
#define __EXTENSIONS__ 1
#define _ALL_SOURCE 1
#define _GNU_SOURCE 1
#define _POSIX_PTHREAD_SEMANTICS 1
#define _TANDEM_SOURCE 1
#define USE_POSIX_THREADS 1
#define USE_POSIX_THREADS_WEAK 1
#define HAVE_PTHREAD_RWLOCK 1
#define HAVE_PTHREAD_MUTEX_RECURSIVE 1
#define HAVE_BUILTIN_EXPECT 1
#define HAVE_ARGZ_H 1
#define HAVE_INTTYPES_H 1
#define HAVE_LIMITS_H 1
#define HAVE_UNISTD_H 1
#define HAVE_SYS_PARAM_H 1
#define HAVE_GETCWD 1
#define HAVE_GETEGID 1
#define HAVE_GETEUID 1
#define HAVE_GETGID 1
#define HAVE_GETUID 1
#define HAVE_MEMPCPY 1
#define HAVE_MUNMAP 1
#define HAVE_STPCPY 1
#define HAVE_STRCASECMP 1
#define HAVE_STRDUP 1
#define HAVE_STRTOUL 1
#define HAVE_TSEARCH 1
#define HAVE_ARGZ_COUNT 1
#define HAVE_ARGZ_STRINGIFY 1
#define HAVE_ARGZ_NEXT 1
#define HAVE___FSETLOCKING 1
#define HAVE_DECL_FEOF_UNLOCKED 1
#define HAVE_DECL_FGETS_UNLOCKED 1
#define HAVE_ICONV 1
#define ICONV_CONST 
#define HAVE_NL_LOCALE_NAME 1
#define HAVE_LONG_LONG_INT 1
#define HAVE_WCHAR_T 1
#define HAVE_WINT_T 1
#define HAVE_INTMAX_T 1
#define HAVE_POSIX_PRINTF 1
#define HAVE_STDINT_H 1
#define HAVE_STDINT_H 1
#define HAVE_STDDEF_H 1
#define HAVE_STDLIB_H 1
#define HAVE_STRING_H 1
#define HAVE_ASPRINTF 1
#define HAVE_FWPRINTF 1
#define HAVE_PUTENV 1
#define HAVE_SETENV 1
#define HAVE_SETLOCALE 1
#define HAVE_SNPRINTF 1
#define HAVE_WCSLEN 1
#define HAVE_DECL__SNPRINTF 0
#define HAVE_DECL__SNWPRINTF 0
#define HAVE_DECL_GETC_UNLOCKED 1
#define HAVE_LANGINFO_CODESET 1
#define HAVE_LC_MESSAGES 1
#define ENABLE_NLS 1
#define HAVE_GETTEXT 1
#define HAVE_DCGETTEXT 1

configure: exit 0

## ---------------------- ##
## Running config.status. ##
## ---------------------- ##

This file was extended by hunspell config.status 1.3.3, which was
generated by GNU Autoconf 2.69.  Invocation command line was

  CONFIG_FILES    = 
  CONFIG_HEADERS  = 
  CONFIG_LINKS    = 
  CONFIG_COMMANDS = 
  $ ./config.status 

on crazyhorse-F6Ve

config.status:1289: creating Makefile
config.status:1289: creating hunspell.pc
config.status:1289: creating man/Makefile
config.status:1289: creating man/hu/Makefile
config.status:1289: creating intl/Makefile
config.status:1289: creating po/Makefile.in
config.status:1289: creating m4/Makefile
config.status:1289: creating src/Makefile
config.status:1289: creating src/hunspell/Makefile
config.status:1289: creating src/hunspell/hunvisapi.h
config.status:1289: creating src/parsers/Makefile
config.status:1289: creating src/tools/Makefile
config.status:1289: creating src/win_api/Makefile
config.status:1289: creating tests/Makefile
config.status:1289: creating tests/suggestiontest/Makefile
config.status:1289: creating config.h
config.status:1470: config.h is unchanged
config.status:1518: executing depfiles commands
config.status:1518: executing libtool commands
config.status:1518: executing po-directories commands

## ---------------------- ##
## Running config.status. ##
## ---------------------- ##

This file was extended by hunspell config.status 1.3.3, which was
generated by GNU Autoconf 2.69.  Invocation command line was

  CONFIG_FILES    = 
  CONFIG_HEADERS  = 
  CONFIG_LINKS    = 
  CONFIG_COMMANDS = 
  $ ./config.status config.h

on crazyhorse-F6Ve

config.status:1289: creating config.h
config.status:1470: config.h is unchanged
